#
# A fatal error has been detected by the Java Runtime Environment:
#
#  EXCEPTION_ACCESS_VIOLATION (0xc0000005) at pc=0x0000021beef84a32, pid=9300, tid=3376
#
# JRE version: OpenJDK Runtime Environment Microsoft-25199 (11.0.12+7) (build 11.0.12+7)
# Java VM: OpenJDK 64-Bit Server VM Microsoft-25199 (11.0.12+7, mixed mode, tiered, compressed oops, g1 gc, windows-amd64)
# Problematic frame:
# J 25231 c2 bb.iz(IIIIB)V (3090 bytes) @ 0x0000021beef84a32 [0x0000021beef83920+0x0000000000001112]
#
# No core dump will be written. Minidumps are not enabled by default on client versions of Windows
#
# If you would like to submit a bug report, please visit:
#   https://github.com/microsoft/openjdk/issues
#

---------------  S U M M A R Y ------------

Command Line: -Drunelite.launcher.blacklistedDlls=RTSSHooks.dll,RTSSHooks64.dll,NahimicOSD.dll,NahimicMSIOSD.dll,Nahimic2OSD.dll,Nahimic2DevProps.dll,k_fps32.dll,k_fps64.dll,SS2DevProps.dll,SS2OSD.dll,GTIII-OSD64-GL.dll,GTIII-OSD64-VK.dll,GTIII-OSD64.dll -Xmx512m -Xss2m -XX:CompileThreshold=1500 net.runelite.client.RuneLite

Host: AMD Ryzen 5 1400 Quad-Core Processor           , 8 cores, 15G,  Windows 10 , 64 bit Build 19041 (10.0.19041.3155)
Time: Thu Aug 10 21:31:51 2023 AUS Eastern Standard Time elapsed time: 391.617413 seconds (0d 0h 6m 31s)

---------------  T H R E A D  ---------------

Current thread (0x0000021bfe349800):  JavaThread "Client" daemon [_thread_in_Java, id=3376, stack(0x000000a7fe800000,0x000000a7fea00000)]

Stack: [0x000000a7fe800000,0x000000a7fea00000],  sp=0x000000a7fe9feb40,  free space=2042k
Native frames: (J=compiled Java code, j=interpreted, Vv=VM code, C=native code)
C  0x0000021beef84a32


siginfo: EXCEPTION_ACCESS_VIOLATION (0xc0000005), reading address 0xffffffffffffffff


Register to memory mapping:

RIP=0x0000021beef84a32 is at entry_point+4370 in (nmethod*)0x0000021beef83510
RAX=0x0 is NULL
RBX=0x00000000eb814730 is an oop: iz 
{0x00000000eb814730} - klass: 'iz'
RCX=0x0 is NULL
RDX=0x0 is NULL
RSP=0x000000a7fe9feb40 is pointing into the stack for thread: 0x0000021bfe349800
RBP=0x0 is NULL
RSI=0x0000000000000001 is an unknown value
RDI=0x000000003bb42d35 is an unknown value
R8 =0x0 is NULL
R9 =0x0 is NULL
R10=0x0000000000000039 is an unknown value
R11=0x0000000000000037 is an unknown value
R12=0x0 is NULL
R13=0x00000000e9dfd1d8 is an oop: il 
{0x00000000e9dfd1d8} - klass: 'il'
R14=0x00000000e9dfd2a8 is an oop: [Ljc; 
{0x00000000e9dfd2a8} - klass: 'jc'[]
 - length: 5
R15=0x0000021bfe349800 is a thread


Registers:
RAX=0x0000000000000000, RBX=0x00000000eb814730, RCX=0x0000000000000000, RDX=0x0000000000000000
RSP=0x000000a7fe9feb40, RBP=0x0000000000000000, RSI=0x0000000000000001, RDI=0x000000003bb42d35
R8 =0x0000000000000000, R9 =0x0000000000000000, R10=0x0000000000000039, R11=0x0000000000000037
R12=0x0000000000000000, R13=0x00000000e9dfd1d8, R14=0x00000000e9dfd2a8, R15=0x0000021bfe349800
RIP=0x0000021beef84a32, EFLAGS=0x0000000000010a07

Top of Stack: (sp=0x000000a7fe9feb40)
0x000000a7fe9feb40:   000000000000000c 00000001ffffffb6
0x000000a7fe9feb50:   000002f000000004 00000000000000a7
0x000000a7fe9feb60:   00000000e00a2c00 000008f70000014e
0x000000a7fe9feb70:   00000000ffffffb9 fffff96d00002223
0x000000a7fe9feb80:   0000016600001239 0000000400000004
0x000000a7fe9feb90:   0000014e00000200 eb814730000007fa
0x000000a7fe9feba0:   00000040e00a2c00 e9dfd1d800000039
0x000000a7fe9febb0:   0000000300000001 0000000100000000
0x000000a7fe9febc0:   00000000e3a7eb68 00000000e3a7d8b0
0x000000a7fe9febd0:   0000000000000000 0000021bef264fb8
0x000000a7fe9febe0:   0224000900000004 0000021b00000004
0x000000a7fe9febf0:   0000009c00000000 0000005271161986
0x000000a7fe9fec00:   f6850ba60224004e 00000204e8c3e5c8
0x000000a7fe9fec10:   00000000e876ab38 0000001971161986
0x000000a7fe9fec20:   00000004e876acc0 0224000900000152
0x000000a7fe9fec30:   0000000400000004 00000000e876acc0 

Instructions: (pc=0x0000021beef84a32)
0x0000021beef84932:   45 8b f2 45 8b 52 0c 45 85 d2 0f 86 9a 0b 00 00
0x0000021beef84942:   4d 63 d2 4c 63 de 49 ff cb 4d 3b da 0f 83 88 0b
0x0000021beef84952:   00 00 33 c9 44 8b 5c 24 6c 4d 8b eb 89 4c 24 78
0x0000021beef84962:   45 8b d6 44 8b 4c 24 78 47 8b 54 8a 10 44 8b 5c
0x0000021beef84972:   24 78 41 ff c3 44 89 5c 24 70 44 8b 5c 24 60 45
0x0000021beef84982:   3b d3 0f 85 c7 06 00 00 41 81 c0 ad 9b 8f b9 44
0x0000021beef84992:   8b 54 24 6c 45 89 42 28 41 69 e8 db 7f f7 10 44
0x0000021beef849a2:   3b cd 0f 8c 88 05 00 00 45 8b 5e 0c 41 3b eb 0f
0x0000021beef849b2:   83 b1 0b 00 00 41 80 7f 30 00 0f 85 c3 06 00 00
0x0000021beef849c2:   45 89 64 ae 10 44 8b 54 24 6c 45 89 62 2c 85 ed
0x0000021beef849d2:   0f 8f 41 04 00 00 44 8b 54 24 68 41 ff c2 44 89
0x0000021beef849e2:   54 24 68 44 8b 5c 24 60 45 69 5b 38 ab c2 ba 97
0x0000021beef849f2:   4d 8b 97 08 01 00 00 41 85 02 44 8b 54 24 68 45
0x0000021beef84a02:   3b d3 0f 8e ac fe ff ff 44 8b 5c 24 60 45 69 53
0x0000021beef84a12:   44 2f 25 80 ae 44 8b 5c 24 64 41 ff c3 44 89 5c
0x0000021beef84a22:   24 64 45 3b da 0f 8e 5c fe ff ff e9 bc fd ff ff
0x0000021beef84a32:   44 8b 54 24 5c 45 89 62 14 be 9f 8c 88 3f 8b 54
0x0000021beef84a42:   24 48 44 8b 44 24 4c 44 8b 4c 24 50 8b 7c 24 54
0x0000021beef84a52:   90 e8 28 5b 06 00 49 ba 08 02 2c e3 00 00 00 00
0x0000021beef84a62:   41 69 aa 60 03 00 00 9b 4f 9a 12 83 fd 02 0f 84
0x0000021beef84a72:   7e 10 00 00 49 ba d0 83 c1 e8 00 00 00 00 45 8b
0x0000021beef84a82:   92 84 00 00 00 41 8b 6a 38 44 8b 5d 08 41 81 fb
0x0000021beef84a92:   e9 7e 08 20 0f 85 7c 15 00 00 4c 8b d5 4d 8b c2
0x0000021beef84aa2:   49 ba 08 02 2c e3 00 00 00 00 45 69 92 c8 04 00
0x0000021beef84ab2:   00 c9 cc d3 b8 45 8b ca 4d 8b d0 41 8b 4a 24 8b
0x0000021beef84ac2:   69 0c 85 ed 0f 86 51 01 00 00 8b f5 ff ce 3b f5
0x0000021beef84ad2:   0f 83 75 0d 00 00 44 8b 51 10 45 85 d2 74 0d 45
0x0000021beef84ae2:   8b 5a 20 45 85 db 0f 85 ff 02 00 00 83 fe 01 0f
0x0000021beef84af2:   8e fd 00 00 00 ba d0 07 00 00 bb 01 00 00 00 eb
0x0000021beef84b02:   12 4d 8b 97 08 01 00 00 41 85 02 3b de 0f 8d e4
0x0000021beef84b12:   00 00 00 44 8b dd 44 2b db 41 ff cb 41 3b d3 41
0x0000021beef84b22:   bd d0 07 00 00 45 0f 4f eb 44 03 eb eb 18 41 0f 


Stack slot to memory mapping:
stack at sp + 0 slots: 0x000000000000000c is an unknown value
stack at sp + 1 slots: 0x00000001ffffffb6 is an unknown value
stack at sp + 2 slots: 0x000002f000000004 is an unknown value
stack at sp + 3 slots: 0x00000000000000a7 is an unknown value
stack at sp + 4 slots: 0x00000000e00a2c00 is an oop: jc 
{0x00000000e00a2c00} - klass: 'jc'
stack at sp + 5 slots: 0x000008f70000014e is an unknown value
stack at sp + 6 slots: 
[error occurred during error reporting (inspecting top of stack), id 0xc0000005, EXCEPTION_ACCESS_VIOLATION (0xc0000005) at pc=0x00007ffdc5b92126]



---------------  P R O C E S S  ---------------

Threads class SMR info:
_java_thread_list=0x0000021b881799d0, length=52, elements={
0x0000021bf9c10800, 0x0000021bf9c11800, 0x0000021bfa4a2800, 0x0000021bf9c1b000,
0x0000021bf9c1d800, 0x0000021bfa453000, 0x0000021bfa454800, 0x0000021bfa4b4000,
0x0000021bfa643000, 0x0000021bfa63f800, 0x0000021bfa63e000, 0x0000021bfa640800,
0x0000021bfa63e800, 0x0000021bfa63d000, 0x0000021bfa642000, 0x0000021bfe346000,
0x0000021bfe343800, 0x0000021bfe342000, 0x0000021bfe348800, 0x0000021bfe342800,
0x0000021bfe349800, 0x0000021bfe347000, 0x0000021bfe34a000, 0x0000021bfe34e000,
0x0000021bfe34c800, 0x0000021bfe34f000, 0x0000021bfe34d800, 0x0000021bfa641000,
0x0000021b887b0000, 0x0000021b887b0800, 0x0000021b887b1800, 0x0000021bfe340800,
0x0000021bfe34b800, 0x0000021bfe54e000, 0x0000021bfe548000, 0x0000021bfe54e800,
0x0000021bfe549000, 0x0000021bfe553000, 0x0000021bfe54f800, 0x0000021bfe54a000,
0x0000021bfe553800, 0x0000021bfe551000, 0x0000021bfe54c000, 0x0000021bfe550800,
0x0000021bfe54b800, 0x0000021bfe54d000, 0x0000021bfe556000, 0x0000021bfe555000,
0x0000021bfe54a800, 0x0000021bfe557000, 0x0000021bfe554800, 0x0000021bfe341000
}

Java Threads: ( => current thread )
  0x0000021bf9c10800 JavaThread "Reference Handler" daemon [_thread_blocked, id=14100, stack(0x000000a7fa600000,0x000000a7fa800000)]
  0x0000021bf9c11800 JavaThread "Finalizer" daemon [_thread_blocked, id=12248, stack(0x000000a7fa800000,0x000000a7faa00000)]
  0x0000021bfa4a2800 JavaThread "Signal Dispatcher" daemon [_thread_blocked, id=13352, stack(0x000000a7faa00000,0x000000a7fac00000)]
  0x0000021bf9c1b000 JavaThread "Attach Listener" daemon [_thread_blocked, id=4036, stack(0x000000a7fac00000,0x000000a7fae00000)]
  0x0000021bf9c1d800 JavaThread "Service Thread" daemon [_thread_blocked, id=8936, stack(0x000000a7fae00000,0x000000a7fb000000)]
  0x0000021bfa453000 JavaThread "C2 CompilerThread0" daemon [_thread_blocked, id=13720, stack(0x000000a7fb000000,0x000000a7fb100000)]
  0x0000021bfa454800 JavaThread "C1 CompilerThread0" daemon [_thread_blocked, id=8816, stack(0x000000a7fb100000,0x000000a7fb200000)]
  0x0000021bfa4b4000 JavaThread "Sweeper thread" daemon [_thread_blocked, id=11508, stack(0x000000a7fb200000,0x000000a7fb400000)]
  0x0000021bfa643000 JavaThread "Common-Cleaner" daemon [_thread_blocked, id=1112, stack(0x000000a7fb500000,0x000000a7fb700000)]
  0x0000021bfa63f800 JavaThread "Java2D Disposer" daemon [_thread_blocked, id=10792, stack(0x000000a7fc300000,0x000000a7fc500000)]
  0x0000021bfa63e000 JavaThread "AWT-Shutdown" [_thread_blocked, id=9872, stack(0x000000a7fc500000,0x000000a7fc700000)]
  0x0000021bfa640800 JavaThread "AWT-Windows" daemon [_thread_in_native, id=3340, stack(0x000000a7fc700000,0x000000a7fc900000)]
  0x0000021bfa63e800 JavaThread "AWT-EventQueue-0" [_thread_blocked, id=5552, stack(0x000000a7fc900000,0x000000a7fcb00000)]
  0x0000021bfa63d000 JavaThread "TimerQueue" daemon [_thread_blocked, id=14112, stack(0x000000a7fcc00000,0x000000a7fce00000)]
  0x0000021bfa642000 JavaThread "D3D Screen Updater" daemon [_thread_blocked, id=13888, stack(0x000000a7fce00000,0x000000a7fd000000)]
  0x0000021bfe346000 JavaThread "OkHttp static.runelite.net Writer" [_thread_blocked, id=4488, stack(0x000000a7fd600000,0x000000a7fd800000)]
  0x0000021bfe343800 JavaThread "OkHttp static.runelite.net" [_thread_in_native, id=6656, stack(0x000000a7fd800000,0x000000a7fda00000)]
  0x0000021bfe342000 JavaThread "OkHttp ConnectionPool" daemon [_thread_blocked, id=13736, stack(0x000000a7fda00000,0x000000a7fdc00000)]
  0x0000021bfe348800 JavaThread "pool-2-thread-1" [_thread_blocked, id=1176, stack(0x000000a7fe300000,0x000000a7fe500000)]
  0x0000021bfe342800 JavaThread "Thread-1" daemon [_thread_blocked, id=11880, stack(0x000000a7fe600000,0x000000a7fe800000)]
=>0x0000021bfe349800 JavaThread "Client" daemon [_thread_in_Java, id=3376, stack(0x000000a7fe800000,0x000000a7fea00000)]
  0x0000021bfe347000 JavaThread "Thread-3" daemon [_thread_blocked, id=1936, stack(0x000000a7fea00000,0x000000a7fec00000)]
  0x0000021bfe34a000 JavaThread "Thread-5" daemon [_thread_blocked, id=6480, stack(0x000000a7fec00000,0x000000a7fee00000)]
  0x0000021bfe34e000 JavaThread "Java Sound Event Dispatcher" daemon [_thread_blocked, id=6728, stack(0x000000a7ff500000,0x000000a7ff700000)]
  0x0000021bfe34c800 JavaThread "pool-5-thread-1" [_thread_blocked, id=3328, stack(0x000000a7ffa00000,0x000000a7ffc00000)]
  0x0000021bfe34f000 JavaThread "Substance heap status" daemon [_thread_blocked, id=14332, stack(0x000000a7ffe00000,0x000000a800000000)]
  0x0000021bfe34d800 JavaThread "Thread-8" daemon [_thread_blocked, id=13860, stack(0x000000a780100000,0x000000a780300000)]
  0x0000021bfa641000 JavaThread "pool-6-thread-1" [_thread_blocked, id=11552, stack(0x000000a780300000,0x000000a780500000)]
  0x0000021b887b0000 JavaThread "Trident callback thread" daemon [_thread_blocked, id=9988, stack(0x000000a780500000,0x000000a780700000)]
  0x0000021b887b0800 JavaThread "Trident pulse source thread" daemon [_thread_blocked, id=13260, stack(0x000000a780700000,0x000000a780900000)]
  0x0000021b887b1800 JavaThread "DestroyJavaVM" [_thread_blocked, id=12364, stack(0x000000a7f9e00000,0x000000a7fa000000)]
  0x0000021bfe340800 JavaThread "Thread-12" daemon [_thread_in_native, id=2144, stack(0x000000a781400000,0x000000a781600000)]
  0x0000021bfe34b800 JavaThread "Thread-13" daemon [_thread_blocked, id=9452, stack(0x000000a781600000,0x000000a781800000)]
  0x0000021bfe54e000 JavaThread "RMI TCP Accept-0" daemon [_thread_in_native, id=2984, stack(0x000000a781b00000,0x000000a781d00000)]
  0x0000021bfe548000 JavaThread "RMI Reaper" [_thread_blocked, id=592, stack(0x000000a781d00000,0x000000a781f00000)]
  0x0000021bfe54e800 JavaThread "RMI GC Daemon" daemon [_thread_blocked, id=11904, stack(0x000000a781f00000,0x000000a782100000)]
  0x0000021bfe549000 JavaThread "RMI Scheduler(0)" daemon [_thread_blocked, id=11260, stack(0x000000a782100000,0x000000a782300000)]
  0x0000021bfe553000 JavaThread "RMI TCP Connection(22)-192.168.68.108" daemon [_thread_blocked, id=7916, stack(0x000000a782300000,0x000000a782500000)]
  0x0000021bfe54f800 JavaThread "RMI RenewClean-[192.168.68.108:55679]" daemon [_thread_blocked, id=1496, stack(0x000000a781800000,0x000000a781a00000)]
  0x0000021bfe54a000 JavaThread "pool-8-thread-1" [_thread_blocked, id=6700, stack(0x000000a782800000,0x000000a782a00000)]
  0x0000021bfe553800 JavaThread "RMI TCP Connection(2)-192.168.68.108" daemon [_thread_blocked, id=3616, stack(0x000000a782a00000,0x000000a782c00000)]
  0x0000021bfe551000 JavaThread "RMI TCP Connection(3)-192.168.68.108" daemon [_thread_blocked, id=1236, stack(0x000000a782c00000,0x000000a782e00000)]
  0x0000021bfe54c000 JavaThread "RMI TCP Connection(21)-192.168.68.108" daemon [_thread_in_native, id=13484, stack(0x000000a782e00000,0x000000a783000000)]
  0x0000021bfe550800 JavaThread "RMI TCP Connection(18)-192.168.68.108" daemon [_thread_blocked, id=3388, stack(0x000000a783000000,0x000000a783200000)]
  0x0000021bfe54b800 JavaThread "RMI TCP Connection(17)-192.168.68.108" daemon [_thread_blocked, id=7400, stack(0x000000a783200000,0x000000a783400000)]
  0x0000021bfe54d000 JavaThread "RMI TCP Connection(7)-192.168.68.108" daemon [_thread_in_native, id=1092, stack(0x000000a783400000,0x000000a783600000)]
  0x0000021bfe556000 JavaThread "RMI TCP Connection(idle)" daemon [_thread_blocked, id=8468, stack(0x000000a783600000,0x000000a783800000)]
  0x0000021bfe555000 JavaThread "RMI TCP Connection(15)-192.168.68.108" daemon [_thread_blocked, id=9544, stack(0x000000a783800000,0x000000a783a00000)]
  0x0000021bfe54a800 JavaThread "RMI TCP Connection(10)-192.168.68.108" daemon [_thread_blocked, id=6320, stack(0x000000a783a00000,0x000000a783c00000)]
  0x0000021bfe557000 JavaThread "RMI TCP Connection(20)-192.168.68.108" daemon [_thread_blocked, id=9960, stack(0x000000a783c00000,0x000000a783e00000)]
  0x0000021bfe554800 JavaThread "RMI TCP Connection(16)-192.168.68.108" daemon [_thread_blocked, id=12376, stack(0x000000a783e00000,0x000000a784000000)]
  0x0000021bfe341000 JavaThread "RMI TCP Connection(14)-192.168.68.108" daemon [_thread_in_native, id=9888, stack(0x000000a784000000,0x000000a784200000)]

Other Threads:
  0x0000021bf9c0e800 VMThread "VM Thread" [stack: 0x000000a7fa500000,0x000000a7fa600000] [id=8480] _threads_hazard_ptr=0x0000021b881799d0
  0x0000021bfa634000 WatcherThread [stack: 0x000000a7fb400000,0x000000a7fb500000] [id=7592]
  0x0000021bde468800 GCTaskThread "GC Thread#0" [stack: 0x000000a7fa000000,0x000000a7fa100000] [id=6620]
  0x0000021bfb3e0800 GCTaskThread "GC Thread#1" [stack: 0x000000a7fb900000,0x000000a7fba00000] [id=11280]
  0x0000021bfb3e1800 GCTaskThread "GC Thread#2" [stack: 0x000000a7fba00000,0x000000a7fbb00000] [id=5468]
  0x0000021bfae59800 GCTaskThread "GC Thread#3" [stack: 0x000000a7fbb00000,0x000000a7fbc00000] [id=3408]
  0x0000021bfae5a000 GCTaskThread "GC Thread#4" [stack: 0x000000a7fbc00000,0x000000a7fbd00000] [id=3900]
  0x0000021bfaef5000 GCTaskThread "GC Thread#5" [stack: 0x000000a7fbd00000,0x000000a7fbe00000] [id=14104]
  0x0000021bfbe99000 GCTaskThread "GC Thread#6" [stack: 0x000000a7fd000000,0x000000a7fd100000] [id=14028]
  0x0000021bfe5df800 GCTaskThread "GC Thread#7" [stack: 0x000000a7fe000000,0x000000a7fe100000] [id=11944]
  0x0000021bde47a800 ConcurrentGCThread "G1 Main Marker" [stack: 0x000000a7fa100000,0x000000a7fa200000] [id=1624]
  0x0000021bde47d000 ConcurrentGCThread "G1 Conc#0" [stack: 0x000000a7fa200000,0x000000a7fa300000] [id=13288]
  0x0000021bfb654800 ConcurrentGCThread "G1 Conc#1" [stack: 0x000000a7fb800000,0x000000a7fb900000] [id=4368]
  0x0000021bf9a6c800 ConcurrentGCThread "G1 Refine#0" [stack: 0x000000a7fa300000,0x000000a7fa400000] [id=12696]
  0x0000021bfa71e800 ConcurrentGCThread "G1 Refine#1" [stack: 0x000000a7fbe00000,0x000000a7fbf00000] [id=10740]
  0x0000021bfb11e000 ConcurrentGCThread "G1 Refine#2" [stack: 0x000000a7fbf00000,0x000000a7fc000000] [id=6152]
  0x0000021bfb541000 ConcurrentGCThread "G1 Refine#3" [stack: 0x000000a7fc000000,0x000000a7fc100000] [id=10200]
  0x0000021bfb541800 ConcurrentGCThread "G1 Refine#4" [stack: 0x000000a7fc100000,0x000000a7fc200000] [id=13576]
  0x0000021b86a2b000 ConcurrentGCThread "G1 Refine#5" [stack: 0x000000a7ff000000,0x000000a7ff100000] [id=2316]
  0x0000021bf9a6d800 ConcurrentGCThread "G1 Young RemSet Sampling" [stack: 0x000000a7fa400000,0x000000a7fa500000] [id=4648]

Threads with active compile tasks:

VM state:synchronizing (normal execution)

VM Mutex/Monitor currently owned by a thread:  ([mutex/lock_event])
[0x0000021bde44b3b0] Safepoint_lock - owner thread: 0x0000021bf9c0e800
[0x0000021bde44af30] Threads_lock - owner thread: 0x0000021bf9c0e800
[0x0000021bde44bcb0] Heap_lock - owner thread: 0x0000021bfe553000

Heap address: 0x00000000e0000000, size: 512 MB, Compressed Oops mode: 32-bit
Narrow klass base: 0x0000000000000000, Narrow klass shift: 3
Compressed class space size: 1073741824 Address: 0x0000000100000000

Heap:
 garbage-first heap   total 262144K, used 232812K [0x00000000e0000000, 0x0000000100000000)
  region size 1024K, 55 young (56320K), 1 survivors (1024K)
 Metaspace       used 100801K, capacity 104138K, committed 104368K, reserved 1142784K
  class space    used 9884K, capacity 11233K, committed 11264K, reserved 1048576K
Heap Regions: E=young(eden), S=young(survivor), O=old, HS=humongous(starts), HC=humongous(continues), CS=collection set, F=free, A=archive, TAMS=top-at-mark-start (previous, next)
|   0|0x00000000e0000000, 0x00000000e0100000, 0x00000000e0100000|100%| O|  |TAMS 0x00000000e0100000, 0x00000000e0000000| Untracked 
|   1|0x00000000e0100000, 0x00000000e0200000, 0x00000000e0200000|100%| O|  |TAMS 0x00000000e0200000, 0x00000000e0100000| Untracked 
|   2|0x00000000e0200000, 0x00000000e0300000, 0x00000000e0300000|100%| O|  |TAMS 0x00000000e0300000, 0x00000000e0200000| Untracked 
|   3|0x00000000e0300000, 0x00000000e0400000, 0x00000000e0400000|100%| O|  |TAMS 0x00000000e0400000, 0x00000000e0300000| Untracked 
|   4|0x00000000e0400000, 0x00000000e0500000, 0x00000000e0500000|100%| O|  |TAMS 0x00000000e0500000, 0x00000000e0400000| Untracked 
|   5|0x00000000e0500000, 0x00000000e0600000, 0x00000000e0600000|100%| O|  |TAMS 0x00000000e0600000, 0x00000000e0500000| Untracked 
|   6|0x00000000e0600000, 0x00000000e0700000, 0x00000000e0700000|100%| O|  |TAMS 0x00000000e0700000, 0x00000000e0600000| Untracked 
|   7|0x00000000e0700000, 0x00000000e0800000, 0x00000000e0800000|100%| O|  |TAMS 0x00000000e0800000, 0x00000000e0700000| Untracked 
|   8|0x00000000e0800000, 0x00000000e0900000, 0x00000000e0900000|100%| O|  |TAMS 0x00000000e0900000, 0x00000000e0800000| Untracked 
|   9|0x00000000e0900000, 0x00000000e0a00000, 0x00000000e0a00000|100%| O|  |TAMS 0x00000000e0a00000, 0x00000000e0900000| Untracked 
|  10|0x00000000e0a00000, 0x00000000e0b00000, 0x00000000e0b00000|100%| O|  |TAMS 0x00000000e0b00000, 0x00000000e0a00000| Untracked 
|  11|0x00000000e0b00000, 0x00000000e0c00000, 0x00000000e0c00000|100%| O|  |TAMS 0x00000000e0c00000, 0x00000000e0b00000| Untracked 
|  12|0x00000000e0c00000, 0x00000000e0d00000, 0x00000000e0d00000|100%| O|  |TAMS 0x00000000e0d00000, 0x00000000e0c00000| Untracked 
|  13|0x00000000e0d00000, 0x00000000e0e00000, 0x00000000e0e00000|100%|HS|  |TAMS 0x00000000e0e00000, 0x00000000e0d00000| Complete 
|  14|0x00000000e0e00000, 0x00000000e0f00000, 0x00000000e0f00000|100%| O|  |TAMS 0x00000000e0f00000, 0x00000000e0e00000| Untracked 
|  15|0x00000000e0f00000, 0x00000000e1000000, 0x00000000e1000000|100%| O|  |TAMS 0x00000000e1000000, 0x00000000e0f00000| Untracked 
|  16|0x00000000e1000000, 0x00000000e1100000, 0x00000000e1100000|100%|HS|  |TAMS 0x00000000e1100000, 0x00000000e1000000| Complete 
|  17|0x00000000e1100000, 0x00000000e1200000, 0x00000000e1200000|100%|HC|  |TAMS 0x00000000e1200000, 0x00000000e1100000| Complete 
|  18|0x00000000e1200000, 0x00000000e1300000, 0x00000000e1300000|100%| O|  |TAMS 0x00000000e1300000, 0x00000000e1200000| Untracked 
|  19|0x00000000e1300000, 0x00000000e1400000, 0x00000000e1400000|100%| O|  |TAMS 0x00000000e1400000, 0x00000000e1300000| Untracked 
|  20|0x00000000e1400000, 0x00000000e1500000, 0x00000000e1500000|100%| O|  |TAMS 0x00000000e1500000, 0x00000000e1400000| Untracked 
|  21|0x00000000e1500000, 0x00000000e1600000, 0x00000000e1600000|100%|HS|  |TAMS 0x00000000e1600000, 0x00000000e1500000| Complete 
|  22|0x00000000e1600000, 0x00000000e1700000, 0x00000000e1700000|100%| O|  |TAMS 0x00000000e1700000, 0x00000000e1600000| Untracked 
|  23|0x00000000e1700000, 0x00000000e1800000, 0x00000000e1800000|100%| O|  |TAMS 0x00000000e1800000, 0x00000000e1700000| Untracked 
|  24|0x00000000e1800000, 0x00000000e1900000, 0x00000000e1900000|100%| O|  |TAMS 0x00000000e1900000, 0x00000000e1800000| Untracked 
|  25|0x00000000e1900000, 0x00000000e1a00000, 0x00000000e1a00000|100%| O|  |TAMS 0x00000000e1a00000, 0x00000000e1900000| Untracked 
|  26|0x00000000e1a00000, 0x00000000e1b00000, 0x00000000e1b00000|100%|HS|  |TAMS 0x00000000e1b00000, 0x00000000e1a00000| Complete 
|  27|0x00000000e1b00000, 0x00000000e1c00000, 0x00000000e1c00000|100%|HC|  |TAMS 0x00000000e1c00000, 0x00000000e1b00000| Complete 
|  28|0x00000000e1c00000, 0x00000000e1d00000, 0x00000000e1d00000|100%| O|  |TAMS 0x00000000e1d00000, 0x00000000e1c00000| Untracked 
|  29|0x00000000e1d00000, 0x00000000e1e00000, 0x00000000e1e00000|100%| O|  |TAMS 0x00000000e1e00000, 0x00000000e1d00000| Untracked 
|  30|0x00000000e1e00000, 0x00000000e1f00000, 0x00000000e1f00000|100%| O|  |TAMS 0x00000000e1f00000, 0x00000000e1e00000| Untracked 
|  31|0x00000000e1f00000, 0x00000000e2000000, 0x00000000e2000000|100%| O|  |TAMS 0x00000000e2000000, 0x00000000e1f00000| Untracked 
|  32|0x00000000e2000000, 0x00000000e2100000, 0x00000000e2100000|100%| O|  |TAMS 0x00000000e2100000, 0x00000000e2000000| Untracked 
|  33|0x00000000e2100000, 0x00000000e2200000, 0x00000000e2200000|100%| O|  |TAMS 0x00000000e2200000, 0x00000000e2100000| Untracked 
|  34|0x00000000e2200000, 0x00000000e2300000, 0x00000000e2300000|100%| O|  |TAMS 0x00000000e2300000, 0x00000000e2200000| Untracked 
|  35|0x00000000e2300000, 0x00000000e2400000, 0x00000000e2400000|100%| O|  |TAMS 0x00000000e2400000, 0x00000000e2300000| Untracked 
|  36|0x00000000e2400000, 0x00000000e2500000, 0x00000000e2500000|100%| O|  |TAMS 0x00000000e2500000, 0x00000000e2400000| Untracked 
|  37|0x00000000e2500000, 0x00000000e2600000, 0x00000000e2600000|100%| O|  |TAMS 0x00000000e2600000, 0x00000000e2500000| Untracked 
|  38|0x00000000e2600000, 0x00000000e2700000, 0x00000000e2700000|100%| O|  |TAMS 0x00000000e2700000, 0x00000000e2600000| Untracked 
|  39|0x00000000e2700000, 0x00000000e2800000, 0x00000000e2800000|100%| O|  |TAMS 0x00000000e2800000, 0x00000000e2700000| Untracked 
|  40|0x00000000e2800000, 0x00000000e2900000, 0x00000000e2900000|100%| O|  |TAMS 0x00000000e2900000, 0x00000000e2800000| Untracked 
|  41|0x00000000e2900000, 0x00000000e2a00000, 0x00000000e2a00000|100%| O|  |TAMS 0x00000000e2a00000, 0x00000000e2900000| Untracked 
|  42|0x00000000e2a00000, 0x00000000e2b00000, 0x00000000e2b00000|100%| O|  |TAMS 0x00000000e2b00000, 0x00000000e2a00000| Untracked 
|  43|0x00000000e2b00000, 0x00000000e2c00000, 0x00000000e2c00000|100%| O|  |TAMS 0x00000000e2c00000, 0x00000000e2b00000| Untracked 
|  44|0x00000000e2c00000, 0x00000000e2d00000, 0x00000000e2d00000|100%| O|  |TAMS 0x00000000e2d00000, 0x00000000e2c00000| Untracked 
|  45|0x00000000e2d00000, 0x00000000e2e00000, 0x00000000e2e00000|100%| O|  |TAMS 0x00000000e2e00000, 0x00000000e2d00000| Untracked 
|  46|0x00000000e2e00000, 0x00000000e2f00000, 0x00000000e2f00000|100%| O|  |TAMS 0x00000000e2f00000, 0x00000000e2e00000| Untracked 
|  47|0x00000000e2f00000, 0x00000000e3000000, 0x00000000e3000000|100%| O|  |TAMS 0x00000000e3000000, 0x00000000e2f00000| Untracked 
|  48|0x00000000e3000000, 0x00000000e3100000, 0x00000000e3100000|100%| O|  |TAMS 0x00000000e3100000, 0x00000000e3000000| Untracked 
|  49|0x00000000e3100000, 0x00000000e3200000, 0x00000000e3200000|100%| O|  |TAMS 0x00000000e3200000, 0x00000000e3100000| Untracked 
|  50|0x00000000e3200000, 0x00000000e3300000, 0x00000000e3300000|100%| O|  |TAMS 0x00000000e3300000, 0x00000000e3200000| Untracked 
|  51|0x00000000e3300000, 0x00000000e3400000, 0x00000000e3400000|100%| O|  |TAMS 0x00000000e3400000, 0x00000000e3300000| Untracked 
|  52|0x00000000e3400000, 0x00000000e3500000, 0x00000000e3500000|100%| O|  |TAMS 0x00000000e3500000, 0x00000000e3400000| Untracked 
|  53|0x00000000e3500000, 0x00000000e3600000, 0x00000000e3600000|100%| O|  |TAMS 0x00000000e3600000, 0x00000000e3500000| Untracked 
|  54|0x00000000e3600000, 0x00000000e3700000, 0x00000000e3700000|100%| O|  |TAMS 0x00000000e3700000, 0x00000000e3600000| Untracked 
|  55|0x00000000e3700000, 0x00000000e3800000, 0x00000000e3800000|100%| O|  |TAMS 0x00000000e3800000, 0x00000000e3700000| Untracked 
|  56|0x00000000e3800000, 0x00000000e3900000, 0x00000000e3900000|100%| O|  |TAMS 0x00000000e3900000, 0x00000000e3800000| Untracked 
|  57|0x00000000e3900000, 0x00000000e3a00000, 0x00000000e3a00000|100%| O|  |TAMS 0x00000000e3a00000, 0x00000000e3900000| Untracked 
|  58|0x00000000e3a00000, 0x00000000e3b00000, 0x00000000e3b00000|100%| O|  |TAMS 0x00000000e3b00000, 0x00000000e3a00000| Untracked 
|  59|0x00000000e3b00000, 0x00000000e3c00000, 0x00000000e3c00000|100%| O|  |TAMS 0x00000000e3c00000, 0x00000000e3b00000| Untracked 
|  60|0x00000000e3c00000, 0x00000000e3d00000, 0x00000000e3d00000|100%| O|  |TAMS 0x00000000e3d00000, 0x00000000e3c00000| Untracked 
|  61|0x00000000e3d00000, 0x00000000e3e00000, 0x00000000e3e00000|100%| O|  |TAMS 0x00000000e3e00000, 0x00000000e3d00000| Untracked 
|  62|0x00000000e3e00000, 0x00000000e3f00000, 0x00000000e3f00000|100%| O|  |TAMS 0x00000000e3f00000, 0x00000000e3e00000| Untracked 
|  63|0x00000000e3f00000, 0x00000000e4000000, 0x00000000e4000000|100%| O|  |TAMS 0x00000000e4000000, 0x00000000e3f00000| Untracked 
|  64|0x00000000e4000000, 0x00000000e4100000, 0x00000000e4100000|100%| O|  |TAMS 0x00000000e4100000, 0x00000000e4000000| Untracked 
|  65|0x00000000e4100000, 0x00000000e4200000, 0x00000000e4200000|100%| O|  |TAMS 0x00000000e4200000, 0x00000000e4100000| Untracked 
|  66|0x00000000e4200000, 0x00000000e4300000, 0x00000000e4300000|100%| O|  |TAMS 0x00000000e4300000, 0x00000000e4200000| Untracked 
|  67|0x00000000e4300000, 0x00000000e4400000, 0x00000000e4400000|100%| O|  |TAMS 0x00000000e4400000, 0x00000000e4300000| Untracked 
|  68|0x00000000e4400000, 0x00000000e4500000, 0x00000000e4500000|100%| O|  |TAMS 0x00000000e4500000, 0x00000000e4400000| Untracked 
|  69|0x00000000e4500000, 0x00000000e4600000, 0x00000000e4600000|100%| O|  |TAMS 0x00000000e4600000, 0x00000000e4500000| Untracked 
|  70|0x00000000e4600000, 0x00000000e4700000, 0x00000000e4700000|100%| O|  |TAMS 0x00000000e4700000, 0x00000000e4600000| Untracked 
|  71|0x00000000e4700000, 0x00000000e4800000, 0x00000000e4800000|100%| O|  |TAMS 0x00000000e4800000, 0x00000000e4700000| Untracked 
|  72|0x00000000e4800000, 0x00000000e4900000, 0x00000000e4900000|100%| O|  |TAMS 0x00000000e4900000, 0x00000000e4800000| Untracked 
|  73|0x00000000e4900000, 0x00000000e4a00000, 0x00000000e4a00000|100%| O|  |TAMS 0x00000000e4a00000, 0x00000000e4900000| Untracked 
|  74|0x00000000e4a00000, 0x00000000e4b00000, 0x00000000e4b00000|100%| O|  |TAMS 0x00000000e4b00000, 0x00000000e4a00000| Untracked 
|  75|0x00000000e4b00000, 0x00000000e4c00000, 0x00000000e4c00000|100%| O|  |TAMS 0x00000000e4b0c600, 0x00000000e4b00000| Untracked 
|  76|0x00000000e4c00000, 0x00000000e4d00000, 0x00000000e4d00000|100%| O|  |TAMS 0x00000000e4d00000, 0x00000000e4c00000| Untracked 
|  77|0x00000000e4d00000, 0x00000000e4e00000, 0x00000000e4e00000|100%| O|  |TAMS 0x00000000e4e00000, 0x00000000e4d00000| Untracked 
|  78|0x00000000e4e00000, 0x00000000e4f00000, 0x00000000e4f00000|100%| O|  |TAMS 0x00000000e4f00000, 0x00000000e4e00000| Untracked 
|  79|0x00000000e4f00000, 0x00000000e5000000, 0x00000000e5000000|100%| O|  |TAMS 0x00000000e5000000, 0x00000000e4f00000| Untracked 
|  80|0x00000000e5000000, 0x00000000e5100000, 0x00000000e5100000|100%| O|  |TAMS 0x00000000e5100000, 0x00000000e5000000| Untracked 
|  81|0x00000000e5100000, 0x00000000e5200000, 0x00000000e5200000|100%| O|  |TAMS 0x00000000e5200000, 0x00000000e5100000| Untracked 
|  82|0x00000000e5200000, 0x00000000e5300000, 0x00000000e5300000|100%| O|  |TAMS 0x00000000e5300000, 0x00000000e5200000| Untracked 
|  83|0x00000000e5300000, 0x00000000e5400000, 0x00000000e5400000|100%| O|  |TAMS 0x00000000e5400000, 0x00000000e5300000| Untracked 
|  84|0x00000000e5400000, 0x00000000e5500000, 0x00000000e5500000|100%| O|  |TAMS 0x00000000e5500000, 0x00000000e5400000| Untracked 
|  85|0x00000000e5500000, 0x00000000e5600000, 0x00000000e5600000|100%| O|  |TAMS 0x00000000e5600000, 0x00000000e5500000| Untracked 
|  86|0x00000000e5600000, 0x00000000e5700000, 0x00000000e5700000|100%| O|  |TAMS 0x00000000e5700000, 0x00000000e5600000| Untracked 
|  87|0x00000000e5700000, 0x00000000e5800000, 0x00000000e5800000|100%| O|  |TAMS 0x00000000e5800000, 0x00000000e5700000| Untracked 
|  88|0x00000000e5800000, 0x00000000e5900000, 0x00000000e5900000|100%| O|  |TAMS 0x00000000e5900000, 0x00000000e5800000| Untracked 
|  89|0x00000000e5900000, 0x00000000e5a00000, 0x00000000e5a00000|100%| O|  |TAMS 0x00000000e5a00000, 0x00000000e5900000| Untracked 
|  90|0x00000000e5a00000, 0x00000000e5b00000, 0x00000000e5b00000|100%| O|  |TAMS 0x00000000e5b00000, 0x00000000e5a00000| Untracked 
|  91|0x00000000e5b00000, 0x00000000e5c00000, 0x00000000e5c00000|100%| O|  |TAMS 0x00000000e5c00000, 0x00000000e5b00000| Untracked 
|  92|0x00000000e5c00000, 0x00000000e5d00000, 0x00000000e5d00000|100%| O|  |TAMS 0x00000000e5d00000, 0x00000000e5c00000| Untracked 
|  93|0x00000000e5d00000, 0x00000000e5e00000, 0x00000000e5e00000|100%| O|  |TAMS 0x00000000e5e00000, 0x00000000e5d00000| Untracked 
|  94|0x00000000e5e00000, 0x00000000e5f00000, 0x00000000e5f00000|100%| O|  |TAMS 0x00000000e5f00000, 0x00000000e5e00000| Untracked 
|  95|0x00000000e5f00000, 0x00000000e6000000, 0x00000000e6000000|100%|HS|  |TAMS 0x00000000e6000000, 0x00000000e5f00000| Complete 
|  96|0x00000000e6000000, 0x00000000e6100000, 0x00000000e6100000|100%|HC|  |TAMS 0x00000000e6100000, 0x00000000e6000000| Complete 
|  97|0x00000000e6100000, 0x00000000e6200000, 0x00000000e6200000|100%| O|  |TAMS 0x00000000e6200000, 0x00000000e6100000| Untracked 
|  98|0x00000000e6200000, 0x00000000e6300000, 0x00000000e6300000|100%| O|  |TAMS 0x00000000e6300000, 0x00000000e6200000| Untracked 
|  99|0x00000000e6300000, 0x00000000e6400000, 0x00000000e6400000|100%| O|  |TAMS 0x00000000e6400000, 0x00000000e6300000| Untracked 
| 100|0x00000000e6400000, 0x00000000e6500000, 0x00000000e6500000|100%| O|  |TAMS 0x00000000e6500000, 0x00000000e6400000| Untracked 
| 101|0x00000000e6500000, 0x00000000e6600000, 0x00000000e6600000|100%| O|  |TAMS 0x00000000e6600000, 0x00000000e6500000| Untracked 
| 102|0x00000000e6600000, 0x00000000e6700000, 0x00000000e6700000|100%| O|  |TAMS 0x00000000e6600000, 0x00000000e6600000| Untracked 
| 103|0x00000000e6700000, 0x00000000e6800000, 0x00000000e6800000|100%| O|  |TAMS 0x00000000e6800000, 0x00000000e6700000| Untracked 
| 104|0x00000000e6800000, 0x00000000e6900000, 0x00000000e6900000|100%| O|  |TAMS 0x00000000e6900000, 0x00000000e6800000| Untracked 
| 105|0x00000000e6900000, 0x00000000e6a00000, 0x00000000e6a00000|100%| O|  |TAMS 0x00000000e6a00000, 0x00000000e6900000| Untracked 
| 106|0x00000000e6a00000, 0x00000000e6b00000, 0x00000000e6b00000|100%| O|  |TAMS 0x00000000e6b00000, 0x00000000e6a00000| Untracked 
| 107|0x00000000e6b00000, 0x00000000e6c00000, 0x00000000e6c00000|100%| O|  |TAMS 0x00000000e6c00000, 0x00000000e6b00000| Untracked 
| 108|0x00000000e6c00000, 0x00000000e6d00000, 0x00000000e6d00000|100%| O|  |TAMS 0x00000000e6d00000, 0x00000000e6c00000| Untracked 
| 109|0x00000000e6d00000, 0x00000000e6e00000, 0x00000000e6e00000|100%| O|  |TAMS 0x00000000e6e00000, 0x00000000e6d00000| Untracked 
| 110|0x00000000e6e00000, 0x00000000e6f00000, 0x00000000e6f00000|100%| O|  |TAMS 0x00000000e6f00000, 0x00000000e6e00000| Untracked 
| 111|0x00000000e6f00000, 0x00000000e7000000, 0x00000000e7000000|100%| O|  |TAMS 0x00000000e7000000, 0x00000000e6f00000| Untracked 
| 112|0x00000000e7000000, 0x00000000e7100000, 0x00000000e7100000|100%| O|  |TAMS 0x00000000e7000000, 0x00000000e7000000| Untracked 
| 113|0x00000000e7100000, 0x00000000e7109a00, 0x00000000e7200000|  3%| O|  |TAMS 0x00000000e7100000, 0x00000000e7100000| Untracked 
| 114|0x00000000e7200000, 0x00000000e7300000, 0x00000000e7300000|100%| O|  |TAMS 0x00000000e7300000, 0x00000000e7200000| Untracked 
| 115|0x00000000e7300000, 0x00000000e7400000, 0x00000000e7400000|100%| O|  |TAMS 0x00000000e7400000, 0x00000000e7300000| Untracked 
| 116|0x00000000e7400000, 0x00000000e7500000, 0x00000000e7500000|100%| O|  |TAMS 0x00000000e7500000, 0x00000000e7400000| Untracked 
| 117|0x00000000e7500000, 0x00000000e7600000, 0x00000000e7600000|100%| O|  |TAMS 0x00000000e7600000, 0x00000000e7500000| Untracked 
| 118|0x00000000e7600000, 0x00000000e7700000, 0x00000000e7700000|100%| O|  |TAMS 0x00000000e7700000, 0x00000000e7600000| Untracked 
| 119|0x00000000e7700000, 0x00000000e7800000, 0x00000000e7800000|100%| O|  |TAMS 0x00000000e7800000, 0x00000000e7700000| Untracked 
| 120|0x00000000e7800000, 0x00000000e7900000, 0x00000000e7900000|100%| O|  |TAMS 0x00000000e7900000, 0x00000000e7800000| Untracked 
| 121|0x00000000e7900000, 0x00000000e7a00000, 0x00000000e7a00000|100%| O|  |TAMS 0x00000000e7a00000, 0x00000000e7900000| Untracked 
| 122|0x00000000e7a00000, 0x00000000e7b00000, 0x00000000e7b00000|100%| O|  |TAMS 0x00000000e7b00000, 0x00000000e7a00000| Untracked 
| 123|0x00000000e7b00000, 0x00000000e7c00000, 0x00000000e7c00000|100%| O|  |TAMS 0x00000000e7c00000, 0x00000000e7b00000| Untracked 
| 124|0x00000000e7c00000, 0x00000000e7d00000, 0x00000000e7d00000|100%| O|  |TAMS 0x00000000e7d00000, 0x00000000e7c00000| Untracked 
| 125|0x00000000e7d00000, 0x00000000e7e00000, 0x00000000e7e00000|100%| O|  |TAMS 0x00000000e7e00000, 0x00000000e7d00000| Untracked 
| 126|0x00000000e7e00000, 0x00000000e7e00000, 0x00000000e7f00000|  0%| F|  |TAMS 0x00000000e7e00000, 0x00000000e7e00000| Untracked 
| 127|0x00000000e7f00000, 0x00000000e7f00000, 0x00000000e8000000|  0%| F|  |TAMS 0x00000000e7f00000, 0x00000000e7f00000| Untracked 
| 128|0x00000000e8000000, 0x00000000e8000000, 0x00000000e8100000|  0%| F|  |TAMS 0x00000000e8000000, 0x00000000e8000000| Untracked 
| 129|0x00000000e8100000, 0x00000000e8100000, 0x00000000e8200000|  0%| F|  |TAMS 0x00000000e8100000, 0x00000000e8100000| Untracked 
| 130|0x00000000e8200000, 0x00000000e8200000, 0x00000000e8300000|  0%| F|  |TAMS 0x00000000e8200000, 0x00000000e8200000| Untracked 
| 131|0x00000000e8300000, 0x00000000e8300000, 0x00000000e8400000|  0%| F|  |TAMS 0x00000000e8300000, 0x00000000e8300000| Untracked 
| 132|0x00000000e8400000, 0x00000000e8400000, 0x00000000e8500000|  0%| F|  |TAMS 0x00000000e8400000, 0x00000000e8400000| Untracked 
| 133|0x00000000e8500000, 0x00000000e8500000, 0x00000000e8600000|  0%| F|  |TAMS 0x00000000e8500000, 0x00000000e8500000| Untracked 
| 134|0x00000000e8600000, 0x00000000e8600000, 0x00000000e8700000|  0%| F|  |TAMS 0x00000000e8600000, 0x00000000e8600000| Untracked 
| 135|0x00000000e8700000, 0x00000000e8800000, 0x00000000e8800000|100%| O|  |TAMS 0x00000000e8800000, 0x00000000e8700000| Untracked 
| 136|0x00000000e8800000, 0x00000000e8800000, 0x00000000e8900000|  0%| F|  |TAMS 0x00000000e8800000, 0x00000000e8800000| Untracked 
| 137|0x00000000e8900000, 0x00000000e8900000, 0x00000000e8a00000|  0%| F|  |TAMS 0x00000000e8900000, 0x00000000e8900000| Untracked 
| 138|0x00000000e8a00000, 0x00000000e8a00000, 0x00000000e8b00000|  0%| F|  |TAMS 0x00000000e8a00000, 0x00000000e8a00000| Untracked 
| 139|0x00000000e8b00000, 0x00000000e8c00000, 0x00000000e8c00000|100%| O|  |TAMS 0x00000000e8c00000, 0x00000000e8b00000| Untracked 
| 140|0x00000000e8c00000, 0x00000000e8d00000, 0x00000000e8d00000|100%| O|  |TAMS 0x00000000e8d00000, 0x00000000e8c00000| Untracked 
| 141|0x00000000e8d00000, 0x00000000e8e00000, 0x00000000e8e00000|100%| O|  |TAMS 0x00000000e8e00000, 0x00000000e8d00000| Untracked 
| 142|0x00000000e8e00000, 0x00000000e8f00000, 0x00000000e8f00000|100%| O|  |TAMS 0x00000000e8f00000, 0x00000000e8e00000| Untracked 
| 143|0x00000000e8f00000, 0x00000000e9000000, 0x00000000e9000000|100%| O|  |TAMS 0x00000000e9000000, 0x00000000e8f00000| Untracked 
| 144|0x00000000e9000000, 0x00000000e9100000, 0x00000000e9100000|100%| O|  |TAMS 0x00000000e9100000, 0x00000000e9000000| Untracked 
| 145|0x00000000e9100000, 0x00000000e9200000, 0x00000000e9200000|100%| O|  |TAMS 0x00000000e9200000, 0x00000000e9100000| Untracked 
| 146|0x00000000e9200000, 0x00000000e9300000, 0x00000000e9300000|100%| O|  |TAMS 0x00000000e9300000, 0x00000000e9200000| Untracked 
| 147|0x00000000e9300000, 0x00000000e9400000, 0x00000000e9400000|100%| O|  |TAMS 0x00000000e9400000, 0x00000000e9300000| Untracked 
| 148|0x00000000e9400000, 0x00000000e9500000, 0x00000000e9500000|100%| O|  |TAMS 0x00000000e9500000, 0x00000000e9400000| Untracked 
| 149|0x00000000e9500000, 0x00000000e9600000, 0x00000000e9600000|100%| O|  |TAMS 0x00000000e9600000, 0x00000000e9500000| Untracked 
| 150|0x00000000e9600000, 0x00000000e9700000, 0x00000000e9700000|100%| O|  |TAMS 0x00000000e9700000, 0x00000000e9600000| Untracked 
| 151|0x00000000e9700000, 0x00000000e9800000, 0x00000000e9800000|100%| O|  |TAMS 0x00000000e9800000, 0x00000000e9700000| Untracked 
| 152|0x00000000e9800000, 0x00000000e9900000, 0x00000000e9900000|100%| O|  |TAMS 0x00000000e9900000, 0x00000000e9800000| Untracked 
| 153|0x00000000e9900000, 0x00000000e9900000, 0x00000000e9a00000|  0%| F|  |TAMS 0x00000000e9900000, 0x00000000e9900000| Untracked 
| 154|0x00000000e9a00000, 0x00000000e9b00000, 0x00000000e9b00000|100%| O|  |TAMS 0x00000000e9b00000, 0x00000000e9a00000| Untracked 
| 155|0x00000000e9b00000, 0x00000000e9b00000, 0x00000000e9c00000|  0%| F|  |TAMS 0x00000000e9b00000, 0x00000000e9b00000| Untracked 
| 156|0x00000000e9c00000, 0x00000000e9c00000, 0x00000000e9d00000|  0%| F|  |TAMS 0x00000000e9c00000, 0x00000000e9c00000| Untracked 
| 157|0x00000000e9d00000, 0x00000000e9e00000, 0x00000000e9e00000|100%| O|  |TAMS 0x00000000e9e00000, 0x00000000e9d00000| Untracked 
| 158|0x00000000e9e00000, 0x00000000e9f00000, 0x00000000e9f00000|100%| O|  |TAMS 0x00000000e9f00000, 0x00000000e9e00000| Untracked 
| 159|0x00000000e9f00000, 0x00000000ea000000, 0x00000000ea000000|100%| O|  |TAMS 0x00000000ea000000, 0x00000000e9f00000| Untracked 
| 160|0x00000000ea000000, 0x00000000ea100000, 0x00000000ea100000|100%| O|  |TAMS 0x00000000ea100000, 0x00000000ea000000| Untracked 
| 161|0x00000000ea100000, 0x00000000ea100000, 0x00000000ea200000|  0%| F|  |TAMS 0x00000000ea100000, 0x00000000ea100000| Untracked 
| 162|0x00000000ea200000, 0x00000000ea200000, 0x00000000ea300000|  0%| F|  |TAMS 0x00000000ea200000, 0x00000000ea200000| Untracked 
| 163|0x00000000ea300000, 0x00000000ea300000, 0x00000000ea400000|  0%| F|  |TAMS 0x00000000ea300000, 0x00000000ea300000| Untracked 
| 164|0x00000000ea400000, 0x00000000ea500000, 0x00000000ea500000|100%| O|  |TAMS 0x00000000ea500000, 0x00000000ea400000| Untracked 
| 165|0x00000000ea500000, 0x00000000ea500000, 0x00000000ea600000|  0%| F|  |TAMS 0x00000000ea500000, 0x00000000ea500000| Untracked 
| 166|0x00000000ea600000, 0x00000000ea700000, 0x00000000ea700000|100%|HS|  |TAMS 0x00000000ea700000, 0x00000000ea600000| Complete 
| 167|0x00000000ea700000, 0x00000000ea800000, 0x00000000ea800000|100%| O|  |TAMS 0x00000000ea800000, 0x00000000ea700000| Untracked 
| 168|0x00000000ea800000, 0x00000000ea900000, 0x00000000ea900000|100%| O|  |TAMS 0x00000000ea900000, 0x00000000ea800000| Untracked 
| 169|0x00000000ea900000, 0x00000000eaa00000, 0x00000000eaa00000|100%| O|  |TAMS 0x00000000eaa00000, 0x00000000ea900000| Untracked 
| 170|0x00000000eaa00000, 0x00000000eaa00000, 0x00000000eab00000|  0%| F|  |TAMS 0x00000000eaa00000, 0x00000000eaa00000| Untracked 
| 171|0x00000000eab00000, 0x00000000eac00000, 0x00000000eac00000|100%| O|  |TAMS 0x00000000eac00000, 0x00000000eab00000| Untracked 
| 172|0x00000000eac00000, 0x00000000eac00000, 0x00000000ead00000|  0%| F|  |TAMS 0x00000000eac00000, 0x00000000eac00000| Untracked 
| 173|0x00000000ead00000, 0x00000000ead00000, 0x00000000eae00000|  0%| F|  |TAMS 0x00000000ead00000, 0x00000000ead00000| Untracked 
| 174|0x00000000eae00000, 0x00000000eae00000, 0x00000000eaf00000|  0%| F|  |TAMS 0x00000000eae00000, 0x00000000eae00000| Untracked 
| 175|0x00000000eaf00000, 0x00000000eb000000, 0x00000000eb000000|100%| O|  |TAMS 0x00000000eb000000, 0x00000000eaf00000| Untracked 
| 176|0x00000000eb000000, 0x00000000eb100000, 0x00000000eb100000|100%| O|  |TAMS 0x00000000eb100000, 0x00000000eb000000| Untracked 
| 177|0x00000000eb100000, 0x00000000eb200000, 0x00000000eb200000|100%| O|  |TAMS 0x00000000eb200000, 0x00000000eb100000| Untracked 
| 178|0x00000000eb200000, 0x00000000eb300000, 0x00000000eb300000|100%| O|  |TAMS 0x00000000eb300000, 0x00000000eb200000| Untracked 
| 179|0x00000000eb300000, 0x00000000eb400000, 0x00000000eb400000|100%| O|  |TAMS 0x00000000eb400000, 0x00000000eb300000| Untracked 
| 180|0x00000000eb400000, 0x00000000eb500000, 0x00000000eb500000|100%| O|  |TAMS 0x00000000eb500000, 0x00000000eb400000| Untracked 
| 181|0x00000000eb500000, 0x00000000eb500000, 0x00000000eb600000|  0%| F|  |TAMS 0x00000000eb500000, 0x00000000eb500000| Untracked 
| 182|0x00000000eb600000, 0x00000000eb600000, 0x00000000eb700000|  0%| F|  |TAMS 0x00000000eb600000, 0x00000000eb600000| Untracked 
| 183|0x00000000eb700000, 0x00000000eb800000, 0x00000000eb800000|100%| O|  |TAMS 0x00000000eb800000, 0x00000000eb700000| Untracked 
| 184|0x00000000eb800000, 0x00000000eb900000, 0x00000000eb900000|100%| O|  |TAMS 0x00000000eb900000, 0x00000000eb800000| Untracked 
| 185|0x00000000eb900000, 0x00000000eb900000, 0x00000000eba00000|  0%| F|  |TAMS 0x00000000eb900000, 0x00000000eb900000| Untracked 
| 186|0x00000000eba00000, 0x00000000eba00000, 0x00000000ebb00000|  0%| F|  |TAMS 0x00000000eba00000, 0x00000000eba00000| Untracked 
| 187|0x00000000ebb00000, 0x00000000ebb519c0, 0x00000000ebc00000| 31%| S|CS|TAMS 0x00000000ebb00000, 0x00000000ebb00000| Complete 
| 188|0x00000000ebc00000, 0x00000000ebd00000, 0x00000000ebd00000|100%| O|  |TAMS 0x00000000ebd00000, 0x00000000ebc00000| Untracked 
| 189|0x00000000ebd00000, 0x00000000ebe00000, 0x00000000ebe00000|100%| E|CS|TAMS 0x00000000ebd00000, 0x00000000ebd00000| Complete 
| 190|0x00000000ebe00000, 0x00000000ebf00000, 0x00000000ebf00000|100%| E|CS|TAMS 0x00000000ebe00000, 0x00000000ebe00000| Complete 
| 191|0x00000000ebf00000, 0x00000000ec000000, 0x00000000ec000000|100%| O|  |TAMS 0x00000000ec000000, 0x00000000ebf00000| Untracked 
| 192|0x00000000ec000000, 0x00000000ec100000, 0x00000000ec100000|100%| E|CS|TAMS 0x00000000ec000000, 0x00000000ec000000| Complete 
| 193|0x00000000ec100000, 0x00000000ec200000, 0x00000000ec200000|100%| O|  |TAMS 0x00000000ec200000, 0x00000000ec100000| Untracked 
| 194|0x00000000ec200000, 0x00000000ec300000, 0x00000000ec300000|100%| O|  |TAMS 0x00000000ec300000, 0x00000000ec200000| Untracked 
| 195|0x00000000ec300000, 0x00000000ec400000, 0x00000000ec400000|100%| O|  |TAMS 0x00000000ec400000, 0x00000000ec300000| Untracked 
| 196|0x00000000ec400000, 0x00000000ec500000, 0x00000000ec500000|100%| O|  |TAMS 0x00000000ec500000, 0x00000000ec400000| Untracked 
| 197|0x00000000ec500000, 0x00000000ec600000, 0x00000000ec600000|100%| E|CS|TAMS 0x00000000ec500000, 0x00000000ec500000| Complete 
| 198|0x00000000ec600000, 0x00000000ec700000, 0x00000000ec700000|100%| O|  |TAMS 0x00000000ec700000, 0x00000000ec600000| Untracked 
| 199|0x00000000ec700000, 0x00000000ec800000, 0x00000000ec800000|100%| E|CS|TAMS 0x00000000ec700000, 0x00000000ec700000| Complete 
| 200|0x00000000ec800000, 0x00000000ec900000, 0x00000000ec900000|100%| E|CS|TAMS 0x00000000ec800000, 0x00000000ec800000| Complete 
| 201|0x00000000ec900000, 0x00000000eca00000, 0x00000000eca00000|100%| E|CS|TAMS 0x00000000ec900000, 0x00000000ec900000| Complete 
| 202|0x00000000eca00000, 0x00000000ecb00000, 0x00000000ecb00000|100%| E|CS|TAMS 0x00000000eca00000, 0x00000000eca00000| Complete 
| 203|0x00000000ecb00000, 0x00000000ecc00000, 0x00000000ecc00000|100%| E|CS|TAMS 0x00000000ecb00000, 0x00000000ecb00000| Complete 
| 204|0x00000000ecc00000, 0x00000000ecd00000, 0x00000000ecd00000|100%| E|CS|TAMS 0x00000000ecc00000, 0x00000000ecc00000| Complete 
| 205|0x00000000ecd00000, 0x00000000ece00000, 0x00000000ece00000|100%| E|CS|TAMS 0x00000000ecd00000, 0x00000000ecd00000| Complete 
| 206|0x00000000ece00000, 0x00000000ecf00000, 0x00000000ecf00000|100%| E|CS|TAMS 0x00000000ece00000, 0x00000000ece00000| Complete 
| 207|0x00000000ecf00000, 0x00000000ed000000, 0x00000000ed000000|100%| O|  |TAMS 0x00000000ed000000, 0x00000000ecf00000| Untracked 
| 208|0x00000000ed000000, 0x00000000ed100000, 0x00000000ed100000|100%| O|  |TAMS 0x00000000ed100000, 0x00000000ed000000| Untracked 
| 209|0x00000000ed100000, 0x00000000ed200000, 0x00000000ed200000|100%| O|  |TAMS 0x00000000ed200000, 0x00000000ed100000| Untracked 
| 210|0x00000000ed200000, 0x00000000ed300000, 0x00000000ed300000|100%| O|  |TAMS 0x00000000ed300000, 0x00000000ed200000| Untracked 
| 211|0x00000000ed300000, 0x00000000ed400000, 0x00000000ed400000|100%| O|  |TAMS 0x00000000ed400000, 0x00000000ed300000| Untracked 
| 212|0x00000000ed400000, 0x00000000ed500000, 0x00000000ed500000|100%| O|  |TAMS 0x00000000ed500000, 0x00000000ed400000| Untracked 
| 213|0x00000000ed500000, 0x00000000ed600000, 0x00000000ed600000|100%| O|  |TAMS 0x00000000ed600000, 0x00000000ed500000| Untracked 
| 214|0x00000000ed600000, 0x00000000ed700000, 0x00000000ed700000|100%| E|CS|TAMS 0x00000000ed600000, 0x00000000ed600000| Complete 
| 215|0x00000000ed700000, 0x00000000ed800000, 0x00000000ed800000|100%| E|CS|TAMS 0x00000000ed700000, 0x00000000ed700000| Complete 
| 216|0x00000000ed800000, 0x00000000ed900000, 0x00000000ed900000|100%| E|CS|TAMS 0x00000000ed800000, 0x00000000ed800000| Complete 
| 217|0x00000000ed900000, 0x00000000eda00000, 0x00000000eda00000|100%| E|CS|TAMS 0x00000000ed900000, 0x00000000ed900000| Complete 
| 218|0x00000000eda00000, 0x00000000edb00000, 0x00000000edb00000|100%| E|CS|TAMS 0x00000000eda00000, 0x00000000eda00000| Complete 
| 219|0x00000000edb00000, 0x00000000edc00000, 0x00000000edc00000|100%| E|CS|TAMS 0x00000000edb00000, 0x00000000edb00000| Complete 
| 220|0x00000000edc00000, 0x00000000edd00000, 0x00000000edd00000|100%| E|CS|TAMS 0x00000000edc00000, 0x00000000edc00000| Complete 
| 221|0x00000000edd00000, 0x00000000ede00000, 0x00000000ede00000|100%| E|CS|TAMS 0x00000000edd00000, 0x00000000edd00000| Complete 
| 222|0x00000000ede00000, 0x00000000edf00000, 0x00000000edf00000|100%| E|CS|TAMS 0x00000000ede00000, 0x00000000ede00000| Complete 
| 223|0x00000000edf00000, 0x00000000ee000000, 0x00000000ee000000|100%| E|CS|TAMS 0x00000000edf00000, 0x00000000edf00000| Complete 
| 224|0x00000000ee000000, 0x00000000ee100000, 0x00000000ee100000|100%| E|CS|TAMS 0x00000000ee000000, 0x00000000ee000000| Complete 
| 225|0x00000000ee100000, 0x00000000ee200000, 0x00000000ee200000|100%| E|CS|TAMS 0x00000000ee100000, 0x00000000ee100000| Complete 
| 226|0x00000000ee200000, 0x00000000ee300000, 0x00000000ee300000|100%| E|CS|TAMS 0x00000000ee200000, 0x00000000ee200000| Complete 
| 227|0x00000000ee300000, 0x00000000ee400000, 0x00000000ee400000|100%| E|CS|TAMS 0x00000000ee300000, 0x00000000ee300000| Complete 
| 228|0x00000000ee400000, 0x00000000ee500000, 0x00000000ee500000|100%| E|CS|TAMS 0x00000000ee400000, 0x00000000ee400000| Complete 
| 229|0x00000000ee500000, 0x00000000ee600000, 0x00000000ee600000|100%| E|CS|TAMS 0x00000000ee500000, 0x00000000ee500000| Complete 
| 230|0x00000000ee600000, 0x00000000ee700000, 0x00000000ee700000|100%| E|CS|TAMS 0x00000000ee600000, 0x00000000ee600000| Complete 
| 231|0x00000000ee700000, 0x00000000ee800000, 0x00000000ee800000|100%| E|CS|TAMS 0x00000000ee700000, 0x00000000ee700000| Complete 
| 232|0x00000000ee800000, 0x00000000ee900000, 0x00000000ee900000|100%| E|CS|TAMS 0x00000000ee800000, 0x00000000ee800000| Complete 
| 233|0x00000000ee900000, 0x00000000eea00000, 0x00000000eea00000|100%| E|CS|TAMS 0x00000000ee900000, 0x00000000ee900000| Complete 
| 234|0x00000000eea00000, 0x00000000eeb00000, 0x00000000eeb00000|100%| E|CS|TAMS 0x00000000eea00000, 0x00000000eea00000| Complete 
| 235|0x00000000eeb00000, 0x00000000eec00000, 0x00000000eec00000|100%| E|CS|TAMS 0x00000000eeb00000, 0x00000000eeb00000| Complete 
| 236|0x00000000eec00000, 0x00000000eed00000, 0x00000000eed00000|100%| E|CS|TAMS 0x00000000eec00000, 0x00000000eec00000| Complete 
| 237|0x00000000eed00000, 0x00000000eee00000, 0x00000000eee00000|100%| E|CS|TAMS 0x00000000eed00000, 0x00000000eed00000| Complete 
| 238|0x00000000eee00000, 0x00000000eef00000, 0x00000000eef00000|100%| E|CS|TAMS 0x00000000eee00000, 0x00000000eee00000| Complete 
| 239|0x00000000eef00000, 0x00000000ef000000, 0x00000000ef000000|100%| E|CS|TAMS 0x00000000eef00000, 0x00000000eef00000| Complete 
| 240|0x00000000ef000000, 0x00000000ef100000, 0x00000000ef100000|100%| E|CS|TAMS 0x00000000ef000000, 0x00000000ef000000| Complete 
| 241|0x00000000ef100000, 0x00000000ef200000, 0x00000000ef200000|100%| E|CS|TAMS 0x00000000ef100000, 0x00000000ef100000| Complete 
| 242|0x00000000ef200000, 0x00000000ef300000, 0x00000000ef300000|100%| E|CS|TAMS 0x00000000ef200000, 0x00000000ef200000| Complete 
| 243|0x00000000ef300000, 0x00000000ef400000, 0x00000000ef400000|100%| E|CS|TAMS 0x00000000ef300000, 0x00000000ef300000| Complete 
| 244|0x00000000ef400000, 0x00000000ef500000, 0x00000000ef500000|100%| E|CS|TAMS 0x00000000ef400000, 0x00000000ef400000| Complete 
| 245|0x00000000ef500000, 0x00000000ef600000, 0x00000000ef600000|100%| E|CS|TAMS 0x00000000ef500000, 0x00000000ef500000| Complete 
| 246|0x00000000ef600000, 0x00000000ef700000, 0x00000000ef700000|100%| E|CS|TAMS 0x00000000ef600000, 0x00000000ef600000| Complete 
| 247|0x00000000ef700000, 0x00000000ef800000, 0x00000000ef800000|100%| E|CS|TAMS 0x00000000ef700000, 0x00000000ef700000| Complete 
| 248|0x00000000ef800000, 0x00000000ef900000, 0x00000000ef900000|100%| E|CS|TAMS 0x00000000ef800000, 0x00000000ef800000| Complete 
| 249|0x00000000ef900000, 0x00000000efa00000, 0x00000000efa00000|100%| E|CS|TAMS 0x00000000ef900000, 0x00000000ef900000| Complete 
| 250|0x00000000efa00000, 0x00000000efb00000, 0x00000000efb00000|100%| E|CS|TAMS 0x00000000efa00000, 0x00000000efa00000| Complete 
| 251|0x00000000efb00000, 0x00000000efc00000, 0x00000000efc00000|100%| E|CS|TAMS 0x00000000efb00000, 0x00000000efb00000| Complete 
| 252|0x00000000efc00000, 0x00000000efd00000, 0x00000000efd00000|100%| E|CS|TAMS 0x00000000efc00000, 0x00000000efc00000| Complete 
| 253|0x00000000efd00000, 0x00000000efe00000, 0x00000000efe00000|100%| E|CS|TAMS 0x00000000efd00000, 0x00000000efd00000| Complete 
| 254|0x00000000efe00000, 0x00000000eff00000, 0x00000000eff00000|100%| E|CS|TAMS 0x00000000efe00000, 0x00000000efe00000| Complete 
| 255|0x00000000eff00000, 0x00000000f0000000, 0x00000000f0000000|100%| E|CS|TAMS 0x00000000eff00000, 0x00000000eff00000| Complete 

Card table byte_map: [0x0000021bf5fa0000,0x0000021bf60a0000] _byte_map_base: 0x0000021bf58a0000

Marking Bits (Prev, Next): (CMBitMap*) 0x0000021bde477908, (CMBitMap*) 0x0000021bde477940
 Prev Bits: [0x0000021bf61a0000, 0x0000021bf69a0000)
 Next Bits: [0x0000021bf69a0000, 0x0000021bf71a0000)

Polling page: 0x0000021bdc330000

Metaspace:

Usage:
  Non-class:     90.73 MB capacity,    88.79 MB ( 98%) used,     1.58 MB (  2%) free+waste,   367.19 KB ( <1%) overhead. 
      Class:     10.97 MB capacity,     9.65 MB ( 88%) used,     1.16 MB ( 11%) free+waste,   165.25 KB (  1%) overhead. 
       Both:    101.70 MB capacity,    98.44 MB ( 97%) used,     2.74 MB (  3%) free+waste,   532.44 KB ( <1%) overhead. 

Virtual space:
  Non-class space:       92.00 MB reserved,      90.92 MB ( 99%) committed 
      Class space:        1.00 GB reserved,      11.00 MB (  1%) committed 
             Both:        1.09 GB reserved,     101.92 MB (  9%) committed 

Chunk freelists:
   Non-Class:  7.00 KB
       Class:  0 bytes
        Both:  7.00 KB

MaxMetaspaceSize: 17179869184.00 GB
CompressedClassSpaceSize: 1.00 GB
Initial GC threshold: 20.80 MB
Current GC threshold: 168.62 MB
CDS: off

CodeHeap 'non-profiled nmethods': size=120000Kb used=14115Kb max_used=14351Kb free=105885Kb
 bounds [0x0000021bee640000, 0x0000021bef450000, 0x0000021bf5b70000]
CodeHeap 'profiled nmethods': size=120000Kb used=27023Kb max_used=43343Kb free=92977Kb
 bounds [0x0000021be7110000, 0x0000021be9b70000, 0x0000021bee640000]
CodeHeap 'non-nmethods': size=5760Kb used=2126Kb max_used=2236Kb free=3633Kb
 bounds [0x0000021be6b70000, 0x0000021be6de0000, 0x0000021be7110000]
 total_blobs=10829 nmethods=9164 adapters=1575
 compilation: enabled
              stopped_count=0, restarted_count=0
 full_count=0

Compilation events (20 events):
Event: 389.798 Thread 0x0000021bfa453000 25937       4       javax.swing.text.AbstractDocument$BranchElement::replace (155 bytes)
Event: 389.807 Thread 0x0000021bfa453000 nmethod 25937 0x0000021bef019910 code [0x0000021bef019ac0, 0x0000021bef01a338]
Event: 389.807 Thread 0x0000021bfa453000 25938       4       javax.swing.undo.CompoundEdit::addEdit (75 bytes)
Event: 389.830 Thread 0x0000021bfa453000 nmethod 25938 0x0000021bef018090 code [0x0000021bef0182a0, 0x0000021bef0192f0]
Event: 390.349 Thread 0x0000021bfa453000 25939   !   4       uy::ar (373 bytes)
Event: 390.361 Thread 0x0000021bfa453000 nmethod 25939 0x0000021bef017690 code [0x0000021bef017820, 0x0000021bef017f58]
Event: 390.957 Thread 0x0000021bfa453000 25940       4       com.google.common.base.Strings::isNullOrEmpty (5 bytes)
Event: 390.958 Thread 0x0000021bfa453000 nmethod 25940 0x0000021bef017390 code [0x0000021bef017520, 0x0000021bef017598]
Event: 390.959 Thread 0x0000021bfa453000 25941       4       javax.swing.text.DefaultStyledDocument$ElementBuffer::insertElement (530 bytes)
Event: 390.965 Thread 0x0000021bfa454800 25943       2       javax.swing.text.AbstractDocument$BranchElement::replace (155 bytes)
Event: 390.965 Thread 0x0000021bfa454800 nmethod 25943 0x0000021be906bd90 code [0x0000021be906bfa0, 0x0000021be906c6e8]
Event: 390.966 Thread 0x0000021bfa454800 25944       3       java.awt.Component::updateCursorImmediately (55 bytes)
Event: 390.967 Thread 0x0000021bfa454800 nmethod 25944 0x0000021be7f6e690 code [0x0000021be7f6e8c0, 0x0000021be7f6f118]
Event: 391.075 Thread 0x0000021bfa453000 nmethod 25941 0x0000021bef160f90 code [0x0000021bef161320, 0x0000021bef1658c8]
Event: 391.075 Thread 0x0000021bfa453000 25942       4       javax.swing.text.html.parser.ContentModel::empty (130 bytes)
Event: 391.076 Thread 0x0000021bfa453000 nmethod 25942 0x0000021bef160c90 code [0x0000021bef160e20, 0x0000021bef160ed8]
Event: 391.550 Thread 0x0000021bfa454800 25946   !   3       tc::az (36 bytes)
Event: 391.551 Thread 0x0000021bfa454800 nmethod 25946 0x0000021be9413190 code [0x0000021be94133e0, 0x0000021be9413bb8]
Event: 391.551 Thread 0x0000021bfa454800 25945   !   3       tc::ap (45 bytes)
Event: 391.552 Thread 0x0000021bfa454800 nmethod 25945 0x0000021be8b9ce10 code [0x0000021be8b9d060, 0x0000021be8b9d858]

GC Heap History (20 events):
Event: 386.051 GC heap before
{Heap before GC invocations=480 (full 0):
 garbage-first heap   total 262144K, used 232689K [0x00000000e0000000, 0x0000000100000000)
  region size 1024K, 55 young (56320K), 1 survivors (1024K)
 Metaspace       used 100800K, capacity 104137K, committed 104368K, reserved 1142784K
  class space    used 9884K, capacity 11233K, committed 11264K, reserved 1048576K
}
Event: 386.052 GC heap after
{Heap after GC invocations=481 (full 0):
 garbage-first heap   total 262144K, used 177387K [0x00000000e0000000, 0x0000000100000000)
  region size 1024K, 1 young (1024K), 1 survivors (1024K)
 Metaspace       used 100800K, capacity 104137K, committed 104368K, reserved 1142784K
  class space    used 9884K, capacity 11233K, committed 11264K, reserved 1048576K
}
Event: 386.531 GC heap before
{Heap before GC invocations=481 (full 0):
 garbage-first heap   total 262144K, used 232683K [0x00000000e0000000, 0x0000000100000000)
  region size 1024K, 55 young (56320K), 1 survivors (1024K)
 Metaspace       used 100800K, capacity 104137K, committed 104368K, reserved 1142784K
  class space    used 9884K, capacity 11233K, committed 11264K, reserved 1048576K
}
Event: 386.533 GC heap after
{Heap after GC invocations=482 (full 0):
 garbage-first heap   total 262144K, used 177437K [0x00000000e0000000, 0x0000000100000000)
  region size 1024K, 1 young (1024K), 1 survivors (1024K)
 Metaspace       used 100800K, capacity 104137K, committed 104368K, reserved 1142784K
  class space    used 9884K, capacity 11233K, committed 11264K, reserved 1048576K
}
Event: 386.989 GC heap before
{Heap before GC invocations=482 (full 0):
 garbage-first heap   total 262144K, used 232733K [0x00000000e0000000, 0x0000000100000000)
  region size 1024K, 55 young (56320K), 1 survivors (1024K)
 Metaspace       used 100801K, capacity 104138K, committed 104368K, reserved 1142784K
  class space    used 9884K, capacity 11233K, committed 11264K, reserved 1048576K
}
Event: 386.990 GC heap after
{Heap after GC invocations=483 (full 0):
 garbage-first heap   total 262144K, used 177443K [0x00000000e0000000, 0x0000000100000000)
  region size 1024K, 1 young (1024K), 1 survivors (1024K)
 Metaspace       used 100801K, capacity 104138K, committed 104368K, reserved 1142784K
  class space    used 9884K, capacity 11233K, committed 11264K, reserved 1048576K
}
Event: 387.498 GC heap before
{Heap before GC invocations=483 (full 0):
 garbage-first heap   total 262144K, used 232739K [0x00000000e0000000, 0x0000000100000000)
  region size 1024K, 55 young (56320K), 1 survivors (1024K)
 Metaspace       used 100801K, capacity 104138K, committed 104368K, reserved 1142784K
  class space    used 9884K, capacity 11233K, committed 11264K, reserved 1048576K
}
Event: 387.500 GC heap after
{Heap after GC invocations=484 (full 0):
 garbage-first heap   total 262144K, used 177455K [0x00000000e0000000, 0x0000000100000000)
  region size 1024K, 1 young (1024K), 1 survivors (1024K)
 Metaspace       used 100801K, capacity 104138K, committed 104368K, reserved 1142784K
  class space    used 9884K, capacity 11233K, committed 11264K, reserved 1048576K
}
Event: 388.285 GC heap before
{Heap before GC invocations=484 (full 0):
 garbage-first heap   total 262144K, used 232751K [0x00000000e0000000, 0x0000000100000000)
  region size 1024K, 55 young (56320K), 1 survivors (1024K)
 Metaspace       used 100801K, capacity 104138K, committed 104368K, reserved 1142784K
  class space    used 9884K, capacity 11233K, committed 11264K, reserved 1048576K
}
Event: 388.286 GC heap after
{Heap after GC invocations=485 (full 0):
 garbage-first heap   total 262144K, used 177471K [0x00000000e0000000, 0x0000000100000000)
  region size 1024K, 1 young (1024K), 1 survivors (1024K)
 Metaspace       used 100801K, capacity 104138K, committed 104368K, reserved 1142784K
  class space    used 9884K, capacity 11233K, committed 11264K, reserved 1048576K
}
Event: 388.753 GC heap before
{Heap before GC invocations=485 (full 0):
 garbage-first heap   total 262144K, used 232767K [0x00000000e0000000, 0x0000000100000000)
  region size 1024K, 55 young (56320K), 1 survivors (1024K)
 Metaspace       used 100801K, capacity 104138K, committed 104368K, reserved 1142784K
  class space    used 9884K, capacity 11233K, committed 11264K, reserved 1048576K
}
Event: 388.755 GC heap after
{Heap after GC invocations=486 (full 0):
 garbage-first heap   total 262144K, used 177480K [0x00000000e0000000, 0x0000000100000000)
  region size 1024K, 1 young (1024K), 1 survivors (1024K)
 Metaspace       used 100801K, capacity 104138K, committed 104368K, reserved 1142784K
  class space    used 9884K, capacity 11233K, committed 11264K, reserved 1048576K
}
Event: 389.241 GC heap before
{Heap before GC invocations=486 (full 0):
 garbage-first heap   total 262144K, used 232776K [0x00000000e0000000, 0x0000000100000000)
  region size 1024K, 55 young (56320K), 1 survivors (1024K)
 Metaspace       used 100801K, capacity 104138K, committed 104368K, reserved 1142784K
  class space    used 9884K, capacity 11233K, committed 11264K, reserved 1048576K
}
Event: 389.243 GC heap after
{Heap after GC invocations=487 (full 0):
 garbage-first heap   total 262144K, used 177482K [0x00000000e0000000, 0x0000000100000000)
  region size 1024K, 1 young (1024K), 1 survivors (1024K)
 Metaspace       used 100801K, capacity 104138K, committed 104368K, reserved 1142784K
  class space    used 9884K, capacity 11233K, committed 11264K, reserved 1048576K
}
Event: 389.914 GC heap before
{Heap before GC invocations=487 (full 0):
 garbage-first heap   total 262144K, used 232778K [0x00000000e0000000, 0x0000000100000000)
  region size 1024K, 55 young (56320K), 1 survivors (1024K)
 Metaspace       used 100801K, capacity 104138K, committed 104368K, reserved 1142784K
  class space    used 9884K, capacity 11233K, committed 11264K, reserved 1048576K
}
Event: 389.916 GC heap after
{Heap after GC invocations=488 (full 0):
 garbage-first heap   total 262144K, used 177492K [0x00000000e0000000, 0x0000000100000000)
  region size 1024K, 1 young (1024K), 1 survivors (1024K)
 Metaspace       used 100801K, capacity 104138K, committed 104368K, reserved 1142784K
  class space    used 9884K, capacity 11233K, committed 11264K, reserved 1048576K
}
Event: 390.438 GC heap before
{Heap before GC invocations=488 (full 0):
 garbage-first heap   total 262144K, used 232788K [0x00000000e0000000, 0x0000000100000000)
  region size 1024K, 55 young (56320K), 1 survivors (1024K)
 Metaspace       used 100801K, capacity 104138K, committed 104368K, reserved 1142784K
  class space    used 9884K, capacity 11233K, committed 11264K, reserved 1048576K
}
Event: 390.440 GC heap after
{Heap after GC invocations=489 (full 0):
 garbage-first heap   total 262144K, used 177499K [0x00000000e0000000, 0x0000000100000000)
  region size 1024K, 1 young (1024K), 1 survivors (1024K)
 Metaspace       used 100801K, capacity 104138K, committed 104368K, reserved 1142784K
  class space    used 9884K, capacity 11233K, committed 11264K, reserved 1048576K
}
Event: 390.985 GC heap before
{Heap before GC invocations=489 (full 0):
 garbage-first heap   total 262144K, used 232795K [0x00000000e0000000, 0x0000000100000000)
  region size 1024K, 55 young (56320K), 1 survivors (1024K)
 Metaspace       used 100801K, capacity 104138K, committed 104368K, reserved 1142784K
  class space    used 9884K, capacity 11233K, committed 11264K, reserved 1048576K
}
Event: 390.987 GC heap after
{Heap after GC invocations=490 (full 0):
 garbage-first heap   total 262144K, used 177516K [0x00000000e0000000, 0x0000000100000000)
  region size 1024K, 1 young (1024K), 1 survivors (1024K)
 Metaspace       used 100801K, capacity 104138K, committed 104368K, reserved 1142784K
  class space    used 9884K, capacity 11233K, committed 11264K, reserved 1048576K
}

Deoptimization events (20 events):
Event: 388.133 Thread 0x0000021bfe349800 Uncommon trap: trap_request=0xffffff4f fr.pc=0x0000021bef0707a0 relative=0x0000000000003360
Event: 388.133 Thread 0x0000021bfe349800 Uncommon trap: reason=unstable_if action=none pc=0x0000021bef0707a0 method=pq.br([BIIIII)V @ 127 c2
Event: 388.133 Thread 0x0000021bfe349800 DEOPT PACKING pc=0x0000021bef0707a0 sp=0x000000a7fe9fe740
Event: 388.133 Thread 0x0000021bfe349800 DEOPT UNPACKING pc=0x0000021be6bba1af sp=0x000000a7fe9fe648 mode 2
Event: 388.346 Thread 0x0000021bfe349800 Uncommon trap: trap_request=0xffffff4f fr.pc=0x0000021bef0707a0 relative=0x0000000000003360
Event: 388.346 Thread 0x0000021bfe349800 Uncommon trap: reason=unstable_if action=none pc=0x0000021bef0707a0 method=pq.br([BIIIII)V @ 127 c2
Event: 388.346 Thread 0x0000021bfe349800 DEOPT PACKING pc=0x0000021bef0707a0 sp=0x000000a7fe9fe740
Event: 388.347 Thread 0x0000021bfe349800 DEOPT UNPACKING pc=0x0000021be6bba1af sp=0x000000a7fe9fe648 mode 2
Event: 388.371 Thread 0x0000021bfe349800 Uncommon trap: trap_request=0xffffff4f fr.pc=0x0000021bef0707a0 relative=0x0000000000003360
Event: 388.371 Thread 0x0000021bfe349800 Uncommon trap: reason=unstable_if action=none pc=0x0000021bef0707a0 method=pq.br([BIIIII)V @ 127 c2
Event: 388.371 Thread 0x0000021bfe349800 DEOPT PACKING pc=0x0000021bef0707a0 sp=0x000000a7fe9fe740
Event: 388.371 Thread 0x0000021bfe349800 DEOPT UNPACKING pc=0x0000021be6bba1af sp=0x000000a7fe9fe648 mode 2
Event: 388.396 Thread 0x0000021bfe349800 Uncommon trap: trap_request=0xffffff4f fr.pc=0x0000021bef0707a0 relative=0x0000000000003360
Event: 388.396 Thread 0x0000021bfe349800 Uncommon trap: reason=unstable_if action=none pc=0x0000021bef0707a0 method=pq.br([BIIIII)V @ 127 c2
Event: 388.396 Thread 0x0000021bfe349800 DEOPT PACKING pc=0x0000021bef0707a0 sp=0x000000a7fe9fe740
Event: 388.396 Thread 0x0000021bfe349800 DEOPT UNPACKING pc=0x0000021be6bba1af sp=0x000000a7fe9fe648 mode 2
Event: 390.958 Thread 0x0000021bfa63e800 Uncommon trap: trap_request=0xffffffcc fr.pc=0x0000021bef01a04c relative=0x000000000000058c
Event: 390.958 Thread 0x0000021bfa63e800 Uncommon trap: reason=intrinsic_or_type_checked_inlining action=make_not_entrant pc=0x0000021bef01a04c method=javax.swing.text.AbstractDocument$BranchElement.replace(II[Ljavax/swing/text/Element;)V @ 140 c2
Event: 390.958 Thread 0x0000021bfa63e800 DEOPT PACKING pc=0x0000021bef01a04c sp=0x000000a7fcafc4b0
Event: 390.958 Thread 0x0000021bfa63e800 DEOPT UNPACKING pc=0x0000021be6bba1af sp=0x000000a7fcafc480 mode 2

Classes redefined (20 events):
Event: 146.519 Thread 0x0000021bf9c0e800 redefined class name=el, count=1
Event: 146.638 Thread 0x0000021bf9c0e800 redefined class name=ep, count=1
Event: 146.781 Thread 0x0000021bf9c0e800 redefined class name=es, count=1
Event: 147.053 Thread 0x0000021bf9c0e800 redefined class name=ew, count=1
Event: 147.173 Thread 0x0000021bf9c0e800 redefined class name=gj, count=1
Event: 147.351 Thread 0x0000021bf9c0e800 redefined class name=hb, count=1
Event: 147.459 Thread 0x0000021bf9c0e800 redefined class name=hi, count=1
Event: 147.564 Thread 0x0000021bf9c0e800 redefined class name=hv, count=1
Event: 147.644 Thread 0x0000021bf9c0e800 redefined class name=ih, count=1
Event: 147.727 Thread 0x0000021bf9c0e800 redefined class name=il, count=1
Event: 148.020 Thread 0x0000021bf9c0e800 redefined class name=iz, count=1
Event: 148.254 Thread 0x0000021bf9c0e800 redefined class name=ji, count=1
Event: 148.422 Thread 0x0000021bf9c0e800 redefined class name=jw, count=1
Event: 148.506 Thread 0x0000021bf9c0e800 redefined class name=ke, count=1
Event: 148.617 Thread 0x0000021bf9c0e800 redefined class name=mb, count=1
Event: 148.699 Thread 0x0000021bf9c0e800 redefined class name=mq, count=1
Event: 148.789 Thread 0x0000021bf9c0e800 redefined class name=nj, count=1
Event: 148.881 Thread 0x0000021bf9c0e800 redefined class name=nx, count=1
Event: 148.976 Thread 0x0000021bf9c0e800 redefined class name=oa, count=1
Event: 149.084 Thread 0x0000021bf9c0e800 redefined class name=oy, count=1

Internal exceptions (20 events):
Event: 259.720 Thread 0x0000021bfe344800 Implicit null exception at 0x0000021beeb9a1cb to 0x0000021beeba08ec
Event: 259.877 Thread 0x0000021bfe344800 Implicit null exception at 0x0000021beef73697 to 0x0000021beef7a84e
Event: 260.923 Thread 0x0000021bfe349800 Implicit null exception at 0x0000021beebc2183 to 0x0000021beebc6ea4
Event: 261.222 Thread 0x0000021bfe349800 Implicit null exception at 0x0000021beee22f10 to 0x0000021beee230f4
Event: 261.224 Thread 0x0000021bfe349800 Implicit null exception at 0x0000021bee668fb4 to 0x0000021bee66c4b4
Event: 261.255 Thread 0x0000021bfe349800 Implicit null exception at 0x0000021beefa6b5f to 0x0000021beefae7b0
Event: 261.484 Thread 0x0000021bfe349800 Exception <a 'java/lang/NoSuchMethodError'{0x00000000ef33f040}: 'void java.lang.invoke.DirectMethodHandle$Holder.invokeStatic(java.lang.Object, java.lang.Object, int)'> (0x00000000ef33f040) thrown at [./src/hotspot/share/interpreter/linkResolver.cpp, line 773]
Event: 261.486 Thread 0x0000021bfe349800 Exception <a 'java/lang/NoSuchMethodError'{0x00000000ef34ffb8}: 'void java.lang.invoke.Invokers$Holder.invoke_MT(java.lang.Object, java.lang.Object, java.lang.Object, java.lang.Object)'> (0x00000000ef34ffb8) thrown at [./src/hotspot/share/interpreter/linkResolver.cpp, line 773]
Event: 261.486 Thread 0x0000021bfe349800 Implicit null exception at 0x0000021beed8896c to 0x0000021beed88b9c
Event: 261.487 Thread 0x0000021bfe349800 Exception <a 'java/lang/NoSuchMethodError'{0x00000000ef356e38}: 'void java.lang.invoke.DelegatingMethodHandle$Holder.reinvoke_L(java.lang.Object, java.lang.Object, int)'> (0x00000000ef356e38) thrown at [./src/hotspot/share/interpreter/linkResolver.cpp, line 773]
Event: 261.784 Thread 0x0000021bfe551000 Exception <a 'java/lang/NoSuchMethodError'{0x00000000eea97c80}: <clinit>> (0x00000000eea97c80) thrown at [./src/hotspot/share/prims/jni.cpp, line 1365]
Event: 261.788 Thread 0x0000021bfe551000 Exception <a 'java/lang/NoSuchMethodError'{0x00000000eeab5848}: <clinit>> (0x00000000eeab5848) thrown at [./src/hotspot/share/prims/jni.cpp, line 1365]
Event: 261.819 Thread 0x0000021bfe54a800 Exception <a 'java/lang/NoSuchMethodError'{0x00000000ee933168}: <clinit>> (0x00000000ee933168) thrown at [./src/hotspot/share/prims/jni.cpp, line 1365]
Event: 261.819 Thread 0x0000021bfe54a800 Exception <a 'java/lang/NoSuchMethodError'{0x00000000ee933b30}: <clinit>> (0x00000000ee933b30) thrown at [./src/hotspot/share/prims/jni.cpp, line 1365]
Event: 274.512 Thread 0x0000021bfe555000 Implicit null exception at 0x0000021bef21c153 to 0x0000021bef21ce04
Event: 280.787 Thread 0x0000021bfe54d000 Exception <a 'java/lang/NoSuchMethodError'{0x00000000eda27330}: <clinit>> (0x00000000eda27330) thrown at [./src/hotspot/share/prims/jni.cpp, line 1365]
Event: 281.249 Thread 0x0000021bfe349800 Implicit null exception at 0x0000021bef096444 to 0x0000021bef097d44
Event: 284.201 Thread 0x0000021bfe349800 Implicit null exception at 0x0000021beecad7b4 to 0x0000021beecade5c
Event: 370.532 Thread 0x0000021bfe349800 Implicit null exception at 0x0000021beea98413 to 0x0000021beea9947c
Event: 375.679 Thread 0x0000021b887ad800 Exception <a 'java/net/SocketException'{0x00000000efe09ef8}: Socket closed> (0x00000000efe09ef8) thrown at [./src/hotspot/share/prims/jni.cpp, line 636]

Events (20 events):
Event: 386.989 Executing VM operation: G1CollectForAllocation
Event: 386.990 Executing VM operation: G1CollectForAllocation done
Event: 387.498 Executing VM operation: G1CollectForAllocation
Event: 387.500 Executing VM operation: G1CollectForAllocation done
Event: 388.285 Executing VM operation: G1CollectForAllocation
Event: 388.286 Executing VM operation: G1CollectForAllocation done
Event: 388.374 Thread 0x0000021bfe347800 Thread added: 0x0000021bfe347800
Event: 388.374 Thread 0x0000021bfe344800 Thread added: 0x0000021bfe344800
Event: 388.558 Thread 0x0000021bfe344800 Thread exited: 0x0000021bfe344800
Event: 388.560 Thread 0x0000021bfe347800 Thread exited: 0x0000021bfe347800
Event: 388.753 Executing VM operation: G1CollectForAllocation
Event: 388.755 Executing VM operation: G1CollectForAllocation done
Event: 389.241 Executing VM operation: G1CollectForAllocation
Event: 389.243 Executing VM operation: G1CollectForAllocation done
Event: 389.914 Executing VM operation: G1CollectForAllocation
Event: 389.916 Executing VM operation: G1CollectForAllocation done
Event: 390.438 Executing VM operation: G1CollectForAllocation
Event: 390.440 Executing VM operation: G1CollectForAllocation done
Event: 390.985 Executing VM operation: G1CollectForAllocation
Event: 390.987 Executing VM operation: G1CollectForAllocation done


Dynamic libraries:
0x00007ff7bbdd0000 - 0x00007ff7bbddd000 	C:\Program Files\Microsoft\jdk-11.0.12.7-hotspot\bin\java.exe
0x00007ffe04930000 - 0x00007ffe04b28000 	C:\WINDOWS\SYSTEM32\ntdll.dll
0x00007ffe030d0000 - 0x00007ffe0318f000 	C:\WINDOWS\System32\KERNEL32.DLL
0x00007ffe02390000 - 0x00007ffe02686000 	C:\WINDOWS\System32\KERNELBASE.dll
0x00007ffe02750000 - 0x00007ffe02850000 	C:\WINDOWS\System32\ucrtbase.dll
0x00007ffdfde30000 - 0x00007ffdfde47000 	C:\Program Files\Microsoft\jdk-11.0.12.7-hotspot\bin\jli.dll
0x00007ffdfdd90000 - 0x00007ffdfdda5000 	C:\Program Files\Microsoft\jdk-11.0.12.7-hotspot\bin\VCRUNTIME140.dll
0x00007ffe04370000 - 0x00007ffe0450d000 	C:\WINDOWS\System32\USER32.dll
0x00007ffdedd80000 - 0x00007ffdee01a000 	C:\WINDOWS\WinSxS\amd64_microsoft.windows.common-controls_6595b64144ccf1df_6.0.19041.1110_none_60b5254171f9507e\COMCTL32.dll
0x00007ffe02850000 - 0x00007ffe02872000 	C:\WINDOWS\System32\win32u.dll
0x00007ffe04200000 - 0x00007ffe0429e000 	C:\WINDOWS\System32\msvcrt.dll
0x00007ffe02ec0000 - 0x00007ffe02eec000 	C:\WINDOWS\System32\GDI32.dll
0x00007ffe02270000 - 0x00007ffe02385000 	C:\WINDOWS\System32\gdi32full.dll
0x00007ffe02880000 - 0x00007ffe0291d000 	C:\WINDOWS\System32\msvcp_win.dll
0x00007ffe03a20000 - 0x00007ffe03a50000 	C:\WINDOWS\System32\IMM32.DLL
0x00007ffde48a0000 - 0x00007ffde493b000 	C:\Program Files\Microsoft\jdk-11.0.12.7-hotspot\bin\msvcp140.dll
0x00007ffdc58b0000 - 0x00007ffdc6411000 	C:\Program Files\Microsoft\jdk-11.0.12.7-hotspot\bin\server\jvm.dll
0x00007ffe040c0000 - 0x00007ffe0416f000 	C:\WINDOWS\System32\ADVAPI32.dll
0x00007ffe02f50000 - 0x00007ffe02fec000 	C:\WINDOWS\System32\sechost.dll
0x00007ffe038f0000 - 0x00007ffe03a16000 	C:\WINDOWS\System32\RPCRT4.dll
0x00007ffe040b0000 - 0x00007ffe040b8000 	C:\WINDOWS\System32\PSAPI.DLL
0x00007ffdfceb0000 - 0x00007ffdfceb9000 	C:\WINDOWS\SYSTEM32\WSOCK32.dll
0x00007ffdfd200000 - 0x00007ffdfd227000 	C:\WINDOWS\SYSTEM32\WINMM.dll
0x00007ffdfd810000 - 0x00007ffdfd81a000 	C:\WINDOWS\SYSTEM32\VERSION.dll
0x00007ffe03f80000 - 0x00007ffe03feb000 	C:\WINDOWS\System32\WS2_32.dll
0x00007ffdffea0000 - 0x00007ffdffeb2000 	C:\WINDOWS\SYSTEM32\kernel.appcore.dll
0x00007ffdfde80000 - 0x00007ffdfde90000 	C:\Program Files\Microsoft\jdk-11.0.12.7-hotspot\bin\verify.dll
0x00007ffdf4600000 - 0x00007ffdf47e4000 	C:\WINDOWS\SYSTEM32\DBGHELP.DLL
0x00007ffde8d30000 - 0x00007ffde8d64000 	C:\WINDOWS\SYSTEM32\dbgcore.DLL
0x00007ffe02690000 - 0x00007ffe02712000 	C:\WINDOWS\System32\bcryptPrimitives.dll
0x00007ffde5460000 - 0x00007ffde5488000 	C:\Program Files\Microsoft\jdk-11.0.12.7-hotspot\bin\java.dll
0x00007ffdfde60000 - 0x00007ffdfde6a000 	C:\Program Files\Microsoft\jdk-11.0.12.7-hotspot\bin\jimage.dll
0x00007ffde69c0000 - 0x00007ffde69d7000 	C:\Program Files\Microsoft\jdk-11.0.12.7-hotspot\bin\zip.dll
0x00007ffe031a0000 - 0x00007ffe038e4000 	C:\WINDOWS\System32\SHELL32.dll
0x00007ffe000a0000 - 0x00007ffe00834000 	C:\WINDOWS\SYSTEM32\windows.storage.dll
0x00007ffe03ad0000 - 0x00007ffe03e24000 	C:\WINDOWS\System32\combase.dll
0x00007ffe01900000 - 0x00007ffe0192e000 	C:\WINDOWS\SYSTEM32\Wldp.dll
0x00007ffe04000000 - 0x00007ffe040ad000 	C:\WINDOWS\System32\SHCORE.dll
0x00007ffe046e0000 - 0x00007ffe04735000 	C:\WINDOWS\System32\shlwapi.dll
0x00007ffe01f40000 - 0x00007ffe01f65000 	C:\WINDOWS\SYSTEM32\profapi.dll
0x00007ffde5440000 - 0x00007ffde5459000 	C:\Program Files\Microsoft\jdk-11.0.12.7-hotspot\bin\net.dll
0x00007ffdfbc70000 - 0x00007ffdfbd7a000 	C:\WINDOWS\SYSTEM32\WINHTTP.dll
0x00007ffe016e0000 - 0x00007ffe0174a000 	C:\WINDOWS\system32\mswsock.dll
0x00007ffde53e0000 - 0x00007ffde53f2000 	C:\Program Files\Microsoft\jdk-11.0.12.7-hotspot\bin\nio.dll
0x00007ffde47e0000 - 0x00007ffde4805000 	C:\Program Files\Microsoft\jdk-11.0.12.7-hotspot\bin\sunec.dll
0x00007ffde9270000 - 0x00007ffde927e000 	C:\Program Files\Microsoft\jdk-11.0.12.7-hotspot\bin\sunmscapi.dll
0x00007ffe02010000 - 0x00007ffe0216e000 	C:\WINDOWS\System32\CRYPT32.dll
0x00007ffe01ac0000 - 0x00007ffe01ae8000 	C:\WINDOWS\SYSTEM32\ncrypt.dll
0x00007ffe01a80000 - 0x00007ffe01abb000 	C:\WINDOWS\SYSTEM32\NTASN1.dll
0x00007ffe01be0000 - 0x00007ffe01bf2000 	C:\WINDOWS\SYSTEM32\MSASN1.dll
0x00007ffe019b0000 - 0x00007ffe019c8000 	C:\WINDOWS\SYSTEM32\CRYPTSP.dll
0x00007ffe01020000 - 0x00007ffe01054000 	C:\WINDOWS\system32\rsaenh.dll
0x00007ffe02720000 - 0x00007ffe02747000 	C:\WINDOWS\System32\bcrypt.dll
0x00007ffe01870000 - 0x00007ffe0187c000 	C:\WINDOWS\SYSTEM32\CRYPTBASE.dll
0x00007ffe00850000 - 0x00007ffe00873000 	C:\WINDOWS\SYSTEM32\gpapi.dll
0x00007ffe01ec0000 - 0x00007ffe01eee000 	C:\WINDOWS\SYSTEM32\USERENV.dll
0x00007ffe013f0000 - 0x00007ffe0142c000 	C:\WINDOWS\SYSTEM32\IPHLPAPI.DLL
0x00007ffe03ff0000 - 0x00007ffe03ff8000 	C:\WINDOWS\System32\NSI.dll
0x00007ffdfcbb0000 - 0x00007ffdfcbc7000 	C:\WINDOWS\SYSTEM32\dhcpcsvc6.DLL
0x00007ffdfca40000 - 0x00007ffdfca5d000 	C:\WINDOWS\SYSTEM32\dhcpcsvc.DLL
0x00007ffe01430000 - 0x00007ffe014fa000 	C:\WINDOWS\SYSTEM32\DNSAPI.dll
0x00007ffdcc920000 - 0x00007ffdccab9000 	C:\Program Files\Microsoft\jdk-11.0.12.7-hotspot\bin\awt.dll
0x00007ffe042a0000 - 0x00007ffe0436d000 	C:\WINDOWS\System32\OLEAUT32.dll
0x00007ffdff7e0000 - 0x00007ffdff871000 	C:\WINDOWS\SYSTEM32\apphelp.dll
0x00007ffdff9b0000 - 0x00007ffdffa4e000 	C:\WINDOWS\system32\uxtheme.dll
0x00007ffe045c0000 - 0x00007ffe046d4000 	C:\WINDOWS\System32\MSCTF.dll
0x00007ffe03e50000 - 0x00007ffe03f7a000 	C:\WINDOWS\System32\ole32.dll
0x00007ffdffcc0000 - 0x00007ffdffcef000 	C:\WINDOWS\system32\DWMAPI.DLL
0x00007ffdb6540000 - 0x00007ffdb6665000 	C:\WINDOWS\system32\opengl32.dll
0x00007ffdb6510000 - 0x00007ffdb653c000 	C:\WINDOWS\SYSTEM32\GLU32.dll
0x00007ffdb43e0000 - 0x00007ffdb45ad000 	C:\WINDOWS\system32\d3d9.dll
0x00007ffdf5d30000 - 0x00007ffdf5ded000 	C:\WINDOWS\System32\DriverStore\FileRepository\nv_dispig.inf_amd64_19f3764f95906f94\nvldumdx.dll
0x00007ffdfcbd0000 - 0x00007ffdfcc01000 	C:\WINDOWS\SYSTEM32\cryptnet.dll
0x00007ffdfca60000 - 0x00007ffdfcba8000 	C:\WINDOWS\SYSTEM32\drvstore.dll
0x00007ffe01dc0000 - 0x00007ffe01df3000 	C:\WINDOWS\SYSTEM32\devobj.dll
0x00007ffe02220000 - 0x00007ffe0226e000 	C:\WINDOWS\System32\cfgmgr32.dll
0x00007ffe02920000 - 0x00007ffe02987000 	C:\WINDOWS\System32\WINTRUST.DLL
0x00007ffe03e30000 - 0x00007ffe03e4d000 	C:\WINDOWS\System32\imagehlp.dll
0x00007ffdc29b0000 - 0x00007ffdc58a6000 	C:\WINDOWS\System32\DriverStore\FileRepository\nv_dispig.inf_amd64_19f3764f95906f94\nvd3dumx.dll
0x00007ffdf5df0000 - 0x00007ffdf5e2b000 	C:\WINDOWS\SYSTEM32\dxcore.dll
0x00007ffde23e0000 - 0x00007ffde2466000 	C:\Program Files\Microsoft\jdk-11.0.12.7-hotspot\bin\freetype.dll
0x00007ffde4db0000 - 0x00007ffde4dc2000 	C:\Program Files\Microsoft\jdk-11.0.12.7-hotspot\bin\fontmanager.dll
0x00007ffdd4730000 - 0x00007ffdd47ec000 	C:\Program Files\Microsoft\jdk-11.0.12.7-hotspot\bin\harfbuzz.dll
0x00007ffdfa960000 - 0x00007ffdfaa59000 	C:\WINDOWS\SYSTEM32\textinputframework.dll
0x00007ffdff5a0000 - 0x00007ffdff692000 	C:\WINDOWS\System32\CoreMessaging.dll
0x00007ffdff240000 - 0x00007ffdff59e000 	C:\WINDOWS\System32\CoreUIComponents.dll
0x00007ffdfeb70000 - 0x00007ffdfecc4000 	C:\WINDOWS\SYSTEM32\wintypes.dll
0x00007ffe01140000 - 0x00007ffe01173000 	C:\WINDOWS\SYSTEM32\ntmarta.dll
0x00007ffdfda50000 - 0x00007ffdfda59000 	C:\Program Files\Microsoft\jdk-11.0.12.7-hotspot\bin\management.dll
0x00007ffdfb4f0000 - 0x00007ffdfb4fb000 	C:\Program Files\Microsoft\jdk-11.0.12.7-hotspot\bin\management_ext.dll
0x00007ffdfc0b0000 - 0x00007ffdfc0ba000 	C:\Windows\System32\rasadhlp.dll
0x00007ffdfc530000 - 0x00007ffdfc5b2000 	C:\WINDOWS\System32\fwpuclnt.dll
0x00007ffdd4e40000 - 0x00007ffdd4e84000 	C:\Users\Hayden\AppData\Local\Temp\jna--2140382835\jna15916024676835981936.dll
0x00007ffdd4320000 - 0x00007ffdd43bc000 	C:\Users\Hayden\AppData\Local\Temp\jna--2140382835\jna15433848539458679638.dll
0x00007ffdd4150000 - 0x00007ffdd41cf000 	C:\Program Files\Microsoft\jdk-11.0.12.7-hotspot\bin\mlib_image.dll
0x00007ffde4d40000 - 0x00007ffde4d51000 	C:\Program Files\Microsoft\jdk-11.0.12.7-hotspot\bin\jsound.dll
0x00007ffdd40b0000 - 0x00007ffdd414c000 	C:\WINDOWS\SYSTEM32\DSOUND.dll
0x00007ffe01950000 - 0x00007ffe0199b000 	C:\WINDOWS\SYSTEM32\powrprof.dll
0x00007ffdd8cf0000 - 0x00007ffdd8d16000 	C:\WINDOWS\SYSTEM32\winmmbase.dll
0x00007ffe01930000 - 0x00007ffe01942000 	C:\WINDOWS\SYSTEM32\UMPDC.dll
0x00007ffe04510000 - 0x00007ffe045b9000 	C:\WINDOWS\System32\clbcatq.dll
0x00007ffdfc820000 - 0x00007ffdfc8a5000 	C:\WINDOWS\System32\MMDevApi.dll
0x00007ffdda560000 - 0x00007ffdda5a6000 	C:\WINDOWS\SYSTEM32\wdmaud.drv
0x00007ffddfec0000 - 0x00007ffddfec9000 	C:\WINDOWS\SYSTEM32\ksuser.dll
0x00007ffdfae50000 - 0x00007ffdfae5a000 	C:\WINDOWS\SYSTEM32\AVRT.dll
0x00007ffdfc8b0000 - 0x00007ffdfca32000 	C:\WINDOWS\SYSTEM32\AUDIOSES.DLL
0x00007ffddaf60000 - 0x00007ffddaf6d000 	C:\WINDOWS\SYSTEM32\msacm32.drv
0x00007ffdda540000 - 0x00007ffdda55e000 	C:\WINDOWS\SYSTEM32\MSACM32.dll
0x00007ffddaf50000 - 0x00007ffddaf5b000 	C:\WINDOWS\SYSTEM32\midimap.dll
0x00007ffdffab0000 - 0x00007ffdffac4000 	C:\WINDOWS\SYSTEM32\resourcepolicyclient.dll
0x00007ffdfaad0000 - 0x00007ffdfac11000 	C:\Windows\System32\Windows.UI.dll
0x00007ffdfa2f0000 - 0x00007ffdfa442000 	C:\Windows\System32\InputHost.dll
0x00007ffdfa8b0000 - 0x00007ffdfa951000 	C:\Windows\System32\WindowManagementAPI.dll
0x00007ffdf9920000 - 0x00007ffdf9b27000 	C:\WINDOWS\SYSTEM32\twinapi.appcore.dll
0x00007ffdfb6d0000 - 0x00007ffdfb7c6000 	C:\Windows\System32\PROPSYS.dll
0x00007ffde3410000 - 0x00007ffde343d000 	C:\Program Files\Microsoft\jdk-11.0.12.7-hotspot\bin\javajpeg.dll
0x00007ffdfcc10000 - 0x00007ffdfcc1b000 	C:\WINDOWS\SYSTEM32\WINNSI.DLL
0x00007ffde7560000 - 0x00007ffde7567000 	C:\Program Files\Microsoft\jdk-11.0.12.7-hotspot\bin\jawt.dll
0x00007ffde28b0000 - 0x00007ffde28d7000 	C:\Users\Hayden\AppData\Local\Temp\4496286185716504010rlawt.dll
0x00007ffdf9760000 - 0x00007ffdf9914000 	C:\WINDOWS\SYSTEM32\WindowsCodecs.dll
0x00007ffddf0c0000 - 0x00007ffddf0fe000 	C:\WINDOWS\system32\dataexchange.dll
0x00007ffdfdee0000 - 0x00007ffdfe143000 	C:\WINDOWS\system32\d3d11.dll
0x00007ffdfecd0000 - 0x00007ffdfeeb3000 	C:\WINDOWS\system32\dcomp.dll
0x00007ffe00880000 - 0x00007ffe00973000 	C:\WINDOWS\system32\dxgi.dll
0x00007ffdfd030000 - 0x00007ffdfd134000 	C:\Windows\System32\AppXDeploymentClient.dll
0x00007ffdf96b0000 - 0x00007ffdf975e000 	C:\WINDOWS\SYSTEM32\mscms.dll
0x00007ffdfc0c0000 - 0x00007ffdfc0d1000 	C:\WINDOWS\SYSTEM32\ColorAdapterClient.dll
0x00007ffdb1150000 - 0x00007ffdb1193000 	C:\WINDOWS\SYSTEM32\icm32.dll

dbghelp: loaded successfully - version: 4.0.5 - missing functions: none
symbol engine: initialized successfully - sym options: 0x614 - pdb path: .;C:\Program Files\Microsoft\jdk-11.0.12.7-hotspot\bin;C:\WINDOWS\SYSTEM32;C:\WINDOWS\WinSxS\amd64_microsoft.windows.common-controls_6595b64144ccf1df_6.0.19041.1110_none_60b5254171f9507e;C:\Program Files\Microsoft\jdk-11.0.12.7-hotspot\bin\server;C:\WINDOWS\System32\DriverStore\FileRepository\nv_dispig.inf_amd64_19f3764f95906f94;C:\Users\Hayden\AppData\Local\Temp\jna--2140382835;C:\Users\Hayden\AppData\Local\Temp;C:\Users\Hayden\AppData\Local\Temp\lwjgl-rl\3.3.2+13\x64

VM Arguments:
jvm_args: -Drunelite.launcher.blacklistedDlls=RTSSHooks.dll,RTSSHooks64.dll,NahimicOSD.dll,NahimicMSIOSD.dll,Nahimic2OSD.dll,Nahimic2DevProps.dll,k_fps32.dll,k_fps64.dll,SS2DevProps.dll,SS2OSD.dll,GTIII-OSD64-GL.dll,GTIII-OSD64-VK.dll,GTIII-OSD64.dll -Xmx512m -Xss2m -XX:CompileThreshold=1500 
java_command: net.runelite.client.RuneLite
java_class_path (initial): C:\Users\Hayden\.runelite\repository2\client-1.10.9.4.jar;C:\Users\Hayden\.runelite\repository2\slf4j-api-1.7.25.jar;C:\Users\Hayden\.runelite\repository2\logback-classic-1.2.9.jar;C:\Users\Hayden\.runelite\repository2\logback-core-1.2.9.jar;C:\Users\Hayden\.runelite\repository2\jopt-simple-5.0.1.jar;C:\Users\Hayden\.runelite\repository2\guava-23.2-jre.jar;C:\Users\Hayden\.runelite\repository2\guice-4.1.0-no_aop.jar;C:\Users\Hayden\.runelite\repository2\javax.inject-1.jar;C:\Users\Hayden\.runelite\repository2\aopalliance-1.0.jar;C:\Users\Hayden\.runelite\repository2\gson-2.8.5.jar;C:\Users\Hayden\.runelite\repository2\substance-8.0.02.jar;C:\Users\Hayden\.runelite\repository2\trident-1.5.00.jar;C:\Users\Hayden\.runelite\repository2\commons-text-1.2.jar;C:\Users\Hayden\.runelite\repository2\commons-lang3-3.7.jar;C:\Users\Hayden\.runelite\repository2\archive-patcher-applier-1.2.jar;C:\Users\Hayden\.runelite\repository2\jna-5.9.0.jar;C:\Users\Hayden\.runelite\repository2\jna-platform-5.9.0.jar;C:\Users\Hayden\.runelite\repository2\jsr305-3.0.2.jar;C:\Users\Hayden\.runelite\repository2\protobuf-javalite-3.21.12.jar;C:\Users\Hayden\.runelite\repository2\rlawt-1.4.jar;C:\Users\Hayden\.runelite\repository2\lwjgl-3.3.2.jar;C:\Users\Hayden\.runelite\repository2\lwjgl-3.3.2-natives-linux.jar;C:\Users\Hayden\.runelite\repository2\lwjgl-3.3.2-natives-macos.jar;C:\Users\Hayden\.runelite\repository2\lwjgl-3.3.2-natives-macos-arm64.jar;C:\Users\Hayden\.runelite\repository2\lwjgl-3.3.2-natives-windows-x86.jar;C:\Users\Hayden\.runelite\repository2\lwjgl-3.3.2-natives-windows.jar;C:\Users\Hayden\.runelite\repository2\lwjgl-3.3.2-natives-windows-arm64.jar;C:\Users\Hayden\.runelite\repository2\lwjgl-opengl-3.3.2.jar;C:\Users\Hayden\.runelite\repository2\lwjgl-opengl-3.3.2-natives-linux.jar;C:\Users\Hayden\.runelite\repository2\lwjgl-opengl-3.3.2-natives-macos.jar;C:\Users\Hayden\.runelite\repository2\lwjgl-opengl-3.3.2-natives-macos-arm64.jar;C:\Users\Hayde
Launcher Type: SUN_STANDARD

[Global flags]
     intx CICompilerCount                          = 4                                         {product} {ergonomic}
     intx CompileThreshold                         = 1500                                   {pd product} {command line}
     uint ConcGCThreads                            = 2                                         {product} {ergonomic}
     uint G1ConcRefinementThreads                  = 8                                         {product} {ergonomic}
   size_t G1HeapRegionSize                         = 1048576                                   {product} {ergonomic}
    uintx GCDrainStackTargetSize                   = 64                                        {product} {ergonomic}
   size_t InitialHeapSize                          = 268435456                                 {product} {ergonomic}
   size_t MarkStackSize                            = 4194304                                   {product} {ergonomic}
   size_t MaxHeapSize                              = 536870912                                 {product} {command line}
   size_t MaxNewSize                               = 321912832                                 {product} {ergonomic}
   size_t MinHeapDeltaBytes                        = 1048576                                   {product} {ergonomic}
    uintx NonNMethodCodeHeapSize                   = 5836300                                {pd product} {ergonomic}
    uintx NonProfiledCodeHeapSize                  = 122910970                              {pd product} {ergonomic}
    uintx ProfiledCodeHeapSize                     = 122910970                              {pd product} {ergonomic}
    uintx ReservedCodeCacheSize                    = 251658240                              {pd product} {ergonomic}
     bool SegmentedCodeCache                       = true                                      {product} {ergonomic}
     intx ThreadStackSize                          = 2048                                   {pd product} {command line}
     bool UseCompressedClassPointers               = true                                 {lp64_product} {ergonomic}
     bool UseCompressedOops                        = true                                 {lp64_product} {ergonomic}
     bool UseG1GC                                  = true                                      {product} {ergonomic}
     bool UseLargePagesIndividualAllocation        = false                                  {pd product} {ergonomic}

Logging:
Log output configuration:
 #0: stdout all=warning uptime,level,tags
 #1: stderr all=off uptime,level,tags

Environment Variables:
JAVA_HOME=C:\Program Files\Java\jdk1.8.0_211
CLASSPATH=.;
PATH=C:\Program Files\Microsoft\jdk-11.0.12.7-hotspot\bin;C:\WINDOWS\system32;C:\WINDOWS;C:\WINDOWS\System32\Wbem;C:\WINDOWS\System32\WindowsPowerShell\v1.0\;C:\WINDOWS\System32\OpenSSH\;C:\Program Files\Microsoft VS Code\bin;C:\Program Files\dotnet\;C:\Program Files\Calibre2\;C:\ProgramData\chocolatey\bin;C:\Program Files\Java\jdk1.8.0_211\bin;C:\Program Files (x86)\NVIDIA Corporation\PhysX\Common;C:\Program Files\Git\cmd;C:\ProgramData\nvm;C:\Program Files\nodejs;C:\Program Files\Go\bin;C:\Program Files\PowerShell\7\;C:\Users\Hayden\.cargo\bin;C:\Users\Hayden\scoop\apps\llvm\current\bin;C:\Users\Hayden\scoop\apps\mingw\current\bin;C:\Users\Hayden\scoop\apps\python\current\Scripts;C:\Users\Hayden\scoop\apps\python\current;C:\Users\Hayden\scoop\apps\nvm\current\nodejs\nodejs;C:\Users\Hayden\scoop\shims;C:\Users\Hayden\AppData\Local\Microsoft\WindowsApps;C:\Users\Hayden\.dotnet\tools;C:\Users\Hayden\AppData\Roaming\npm;C:\Users\Hayden\AppData\Local\Android\Sdk\tools;C:\Users\Hayden\AppData\Local\Android\Sdk\platform-tools;C:\ProgramData\nvm;C:\Program Files\nodejs;C:\Users\Hayden\go\bin;C:\Program Files\JetBrains\IntelliJ IDEA Community Edition 2023.1.2\bin;
USERNAME=Hayden
OS=Windows_NT
PROCESSOR_IDENTIFIER=AMD64 Family 23 Model 1 Stepping 1, AuthenticAMD



---------------  S Y S T E M  ---------------

OS: Windows 10 , 64 bit Build 19041 (10.0.19041.3155)
OS uptime: 0 days 11:57 hours
Hyper-V role detected

CPU:total 8 (initial active 8) (8 cores per cpu, 2 threads per core) family 23 model 1 stepping 1 microcode 0x0, cmov, cx8, fxsr, mmx, sse, sse2, sse3, ssse3, sse4.1, sse4.2, popcnt, avx, avx2, aes, clmul, mmxext, 3dnowpref, lzcnt, sse4a, ht, tsc, tscinvbit, tscinv, bmi1, bmi2, adx, sha, fma

Memory: 4k page, system-wide physical 16336M (4073M free)
TotalPageFile size 19803M (AvailPageFile size 2245M)
current process WorkingSet (physical memory assigned to process): 741M, peak: 811M
current process commit charge ("private bytes"): 827M, peak: 884M

vm_info: OpenJDK 64-Bit Server VM (11.0.12+7) for windows-amd64 JRE (11.0.12+7), built on Jul 21 2021 15:41:43 by "" with unknown MS VC++:1916

END.
